Standard Commons Logging discovery in action with spring-jcl: please remove commons-logging.jar from classpath in order to avoid potential conflicts

  .   ____          _            __ _ _
 /\\ / ___'_ __ _ _(_)_ __  __ _ \ \ \ \
( ( )\___ | '_ | '_| | '_ \/ _` | \ \ \ \
 \\/  ___)| |_)| | | | | || (_| |  ) ) ) )
  '  |____| .__|_| |_|_| |_\__, | / / / /
 =========|_|==============|___/=/_/_/_/
[32m :: Spring Boot :: [39m              [2m (v3.2.0)[0;39m

[2m2025-08-11T09:35:07.935+02:00[0;39m [32m INFO[0;39m [35m38185[0;39m [2m---[0;39m [2m[clenzy] [           main][0;39m [2m[0;39m[36mcom.clenzy.ClenzyApplication            [0;39m [2m:[0;39m Starting ClenzyApplication v1.0.0 using Java 24.0.1 with PID 38185 (/Users/toufik/Desktop/env/projets/clenzy/server/target/clenzy-platform-1.0.0.jar started by toufik in /Users/toufik/Desktop/env/projets/clenzy/server)
[2m2025-08-11T09:35:07.937+02:00[0;39m [32m INFO[0;39m [35m38185[0;39m [2m---[0;39m [2m[clenzy] [           main][0;39m [2m[0;39m[36mcom.clenzy.ClenzyApplication            [0;39m [2m:[0;39m The following 1 profile is active: "dev"
[2m2025-08-11T09:35:08.548+02:00[0;39m [32m INFO[0;39m [35m38185[0;39m [2m---[0;39m [2m[clenzy] [           main][0;39m [2m[0;39m[36m.s.d.r.c.RepositoryConfigurationDelegate[0;39m [2m:[0;39m Bootstrapping Spring Data JPA repositories in DEFAULT mode.
[2m2025-08-11T09:35:08.579+02:00[0;39m [32m INFO[0;39m [35m38185[0;39m [2m---[0;39m [2m[clenzy] [           main][0;39m [2m[0;39m[36m.s.d.r.c.RepositoryConfigurationDelegate[0;39m [2m:[0;39m Finished Spring Data repository scanning in 24 ms. Found 5 JPA repository interfaces.
WARNING: A restricted method in java.lang.System has been called
WARNING: java.lang.System::load has been called by org.apache.tomcat.jni.Library in an unnamed module (jar:nested:/Users/toufik/Desktop/env/projets/clenzy/server/target/clenzy-platform-1.0.0.jar/!BOOT-INF/lib/tomcat-embed-core-10.1.16.jar!/)
WARNING: Use --enable-native-access=ALL-UNNAMED to avoid a warning for callers in this module
WARNING: Restricted methods will be blocked in a future release unless native access is enabled

[2m2025-08-11T09:35:09.304+02:00[0;39m [32m INFO[0;39m [35m38185[0;39m [2m---[0;39m [2m[clenzy] [           main][0;39m [2m[0;39m[36mo.s.b.w.embedded.tomcat.TomcatWebServer [0;39m [2m:[0;39m Tomcat initialized with port 8081 (http)
[2m2025-08-11T09:35:09.310+02:00[0;39m [32m INFO[0;39m [35m38185[0;39m [2m---[0;39m [2m[clenzy] [           main][0;39m [2m[0;39m[36mo.apache.catalina.core.StandardService  [0;39m [2m:[0;39m Starting service [Tomcat]
[2m2025-08-11T09:35:09.310+02:00[0;39m [32m INFO[0;39m [35m38185[0;39m [2m---[0;39m [2m[clenzy] [           main][0;39m [2m[0;39m[36mo.apache.catalina.core.StandardEngine   [0;39m [2m:[0;39m Starting Servlet engine: [Apache Tomcat/10.1.16]
[2m2025-08-11T09:35:09.332+02:00[0;39m [32m INFO[0;39m [35m38185[0;39m [2m---[0;39m [2m[clenzy] [           main][0;39m [2m[0;39m[36mo.a.c.c.C.[Tomcat].[localhost].[/]      [0;39m [2m:[0;39m Initializing Spring embedded WebApplicationContext
[2m2025-08-11T09:35:09.332+02:00[0;39m [32m INFO[0;39m [35m38185[0;39m [2m---[0;39m [2m[clenzy] [           main][0;39m [2m[0;39m[36mw.s.c.ServletWebServerApplicationContext[0;39m [2m:[0;39m Root WebApplicationContext: initialization completed in 1337 ms
Standard Commons Logging discovery in action with spring-jcl: please remove commons-logging.jar from classpath in order to avoid potential conflicts
[2m2025-08-11T09:35:09.426+02:00[0;39m [32m INFO[0;39m [35m38185[0;39m [2m---[0;39m [2m[clenzy] [           main][0;39m [2m[0;39m[36mcom.zaxxer.hikari.HikariDataSource      [0;39m [2m:[0;39m HikariPool-1 - Starting...
[2m2025-08-11T09:35:09.594+02:00[0;39m [32m INFO[0;39m [35m38185[0;39m [2m---[0;39m [2m[clenzy] [           main][0;39m [2m[0;39m[36mcom.zaxxer.hikari.pool.HikariPool       [0;39m [2m:[0;39m HikariPool-1 - Added connection conn0: url=jdbc:h2:mem:clenzy user=SA
[2m2025-08-11T09:35:09.595+02:00[0;39m [32m INFO[0;39m [35m38185[0;39m [2m---[0;39m [2m[clenzy] [           main][0;39m [2m[0;39m[36mcom.zaxxer.hikari.HikariDataSource      [0;39m [2m:[0;39m HikariPool-1 - Start completed.
[2m2025-08-11T09:35:09.602+02:00[0;39m [32m INFO[0;39m [35m38185[0;39m [2m---[0;39m [2m[clenzy] [           main][0;39m [2m[0;39m[36mo.s.b.a.h2.H2ConsoleAutoConfiguration   [0;39m [2m:[0;39m H2 console available at '/h2-console'. Database available at 'jdbc:h2:mem:clenzy'
[2m2025-08-11T09:35:09.742+02:00[0;39m [32m INFO[0;39m [35m38185[0;39m [2m---[0;39m [2m[clenzy] [           main][0;39m [2m[0;39m[36mo.hibernate.jpa.internal.util.LogHelper [0;39m [2m:[0;39m HHH000204: Processing PersistenceUnitInfo [name: default]
[2m2025-08-11T09:35:09.781+02:00[0;39m [32m INFO[0;39m [35m38185[0;39m [2m---[0;39m [2m[clenzy] [           main][0;39m [2m[0;39m[36morg.hibernate.Version                   [0;39m [2m:[0;39m HHH000412: Hibernate ORM core version 6.3.1.Final
[2m2025-08-11T09:35:09.802+02:00[0;39m [32m INFO[0;39m [35m38185[0;39m [2m---[0;39m [2m[clenzy] [           main][0;39m [2m[0;39m[36mo.h.c.internal.RegionFactoryInitiator   [0;39m [2m:[0;39m HHH000026: Second-level cache disabled
[2m2025-08-11T09:35:09.937+02:00[0;39m [32m INFO[0;39m [35m38185[0;39m [2m---[0;39m [2m[clenzy] [           main][0;39m [2m[0;39m[36mo.s.o.j.p.SpringPersistenceUnitInfo     [0;39m [2m:[0;39m No LoadTimeWeaver setup: ignoring JPA class transformer
[2m2025-08-11T09:35:10.665+02:00[0;39m [32m INFO[0;39m [35m38185[0;39m [2m---[0;39m [2m[clenzy] [           main][0;39m [2m[0;39m[36mo.h.e.t.j.p.i.JtaPlatformInitiator      [0;39m [2m:[0;39m HHH000489: No JTA platform available (set 'hibernate.transaction.jta.platform' to enable JTA platform integration)
[2m2025-08-11T09:35:10.723+02:00[0;39m [32m INFO[0;39m [35m38185[0;39m [2m---[0;39m [2m[clenzy] [           main][0;39m [2m[0;39m[36mj.LocalContainerEntityManagerFactoryBean[0;39m [2m:[0;39m Initialized JPA EntityManagerFactory for persistence unit 'default'
[2m2025-08-11T09:35:11.220+02:00[0;39m [33m WARN[0;39m [35m38185[0;39m [2m---[0;39m [2m[clenzy] [           main][0;39m [2m[0;39m[36m.s.s.UserDetailsServiceAutoConfiguration[0;39m [2m:[0;39m 

Using generated security password: c74e933e-4c57-4393-b70d-df35585c4dfd

This generated password is for development use only. Your security configuration must be updated before running your application in production.

[2m2025-08-11T09:35:11.495+02:00[0;39m [32m INFO[0;39m [35m38185[0;39m [2m---[0;39m [2m[clenzy] [           main][0;39m [2m[0;39m[36mo.s.b.a.e.web.EndpointLinksResolver     [0;39m [2m:[0;39m Exposing 2 endpoint(s) beneath base path '/actuator'
[2m2025-08-11T09:35:11.531+02:00[0;39m [32m INFO[0;39m [35m38185[0;39m [2m---[0;39m [2m[clenzy] [           main][0;39m [2m[0;39m[36mo.s.s.web.DefaultSecurityFilterChain    [0;39m [2m:[0;39m Will secure any request with [org.springframework.security.web.session.DisableEncodeUrlFilter@f341e3c, org.springframework.security.web.context.request.async.WebAsyncManagerIntegrationFilter@7c8ecc27, org.springframework.security.web.context.SecurityContextHolderFilter@2889d997, org.springframework.security.web.header.HeaderWriterFilter@300566e, org.springframework.web.filter.CorsFilter@5f8089d2, org.springframework.security.web.authentication.logout.LogoutFilter@1b3639a1, org.springframework.security.web.authentication.www.BasicAuthenticationFilter@158774d3, org.springframework.security.web.savedrequest.RequestCacheAwareFilter@54422189, org.springframework.security.web.servletapi.SecurityContextHolderAwareRequestFilter@5b1c4b48, org.springframework.security.web.authentication.AnonymousAuthenticationFilter@6e1ac80e, org.springframework.security.web.access.ExceptionTranslationFilter@5411a529, org.springframework.security.web.access.intercept.AuthorizationFilter@4c14ed24]
[2m2025-08-11T09:35:11.928+02:00[0;39m [32m INFO[0;39m [35m38185[0;39m [2m---[0;39m [2m[clenzy] [           main][0;39m [2m[0;39m[36mo.s.b.w.embedded.tomcat.TomcatWebServer [0;39m [2m:[0;39m Tomcat started on port 8081 (http) with context path ''
[2m2025-08-11T09:35:11.939+02:00[0;39m [32m INFO[0;39m [35m38185[0;39m [2m---[0;39m [2m[clenzy] [           main][0;39m [2m[0;39m[36mcom.clenzy.ClenzyApplication            [0;39m [2m:[0;39m Started ClenzyApplication in 4.299 seconds (process running for 4.746)
[2m2025-08-11T09:35:54.147+02:00[0;39m [33m WARN[0;39m [35m38185[0;39m [2m---[0;39m [2m[clenzy] [0.0-8081-exec-1][0;39m [2m[0;39m[36mo.s.w.s.h.HandlerMappingIntrospector    [0;39m [2m:[0;39m Cache miss for REQUEST dispatch to '/h2-console' (previous null). Performing CorsConfiguration lookup. This is logged once only at WARN level, and every time at TRACE.
[2m2025-08-11T09:35:54.696+02:00[0;39m [32m INFO[0;39m [35m38185[0;39m [2m---[0;39m [2m[clenzy] [0.0-8081-exec-6][0;39m [2m[0;39m[36mo.a.c.c.C.[Tomcat].[localhost].[/]      [0;39m [2m:[0;39m Initializing Spring DispatcherServlet 'dispatcherServlet'
[2m2025-08-11T09:35:54.696+02:00[0;39m [32m INFO[0;39m [35m38185[0;39m [2m---[0;39m [2m[clenzy] [0.0-8081-exec-6][0;39m [2m[0;39m[36mo.s.web.servlet.DispatcherServlet       [0;39m [2m:[0;39m Initializing Servlet 'dispatcherServlet'
[2m2025-08-11T09:35:54.698+02:00[0;39m [32m INFO[0;39m [35m38185[0;39m [2m---[0;39m [2m[clenzy] [0.0-8081-exec-6][0;39m [2m[0;39m[36mo.s.web.servlet.DispatcherServlet       [0;39m [2m:[0;39m Completed initialization in 1 ms
[2m2025-08-11T09:35:54.699+02:00[0;39m [33m WARN[0;39m [35m38185[0;39m [2m---[0;39m [2m[clenzy] [0.0-8081-exec-6][0;39m [2m[0;39m[36mo.s.w.s.h.HandlerMappingIntrospector    [0;39m [2m:[0;39m Cache miss for REQUEST dispatch to '/favicon.ico' (previous null). Performing MatchableHandlerMapping lookup. This is logged once only at WARN level, and every time at TRACE.
[2m2025-08-11T09:36:06.353+02:00[0;39m [32m INFO[0;39m [35m38185[0;39m [2m---[0;39m [2m[clenzy] [0.0-8081-exec-8][0;39m [2m[0;39m[36mo.springdoc.api.AbstractOpenApiResource [0;39m [2m:[0;39m Init duration for springdoc-openapi is: 227 ms
[2m2025-08-11T10:31:54.267+02:00[0;39m [33m WARN[0;39m [35m38185[0;39m [2m---[0;39m [2m[clenzy] [l-1 housekeeper][0;39m [2m[0;39m[36mcom.zaxxer.hikari.pool.HikariPool       [0;39m [2m:[0;39m HikariPool-1 - Thread starvation or clock leap detected (housekeeper delta=1m44s72ms).
[2m2025-08-11T10:37:18.083+02:00[0;39m [33m WARN[0;39m [35m38185[0;39m [2m---[0;39m [2m[clenzy] [l-1 housekeeper][0;39m [2m[0;39m[36mcom.zaxxer.hikari.pool.HikariPool       [0;39m [2m:[0;39m HikariPool-1 - Thread starvation or clock leap detected (housekeeper delta=5m23s816ms).
[2m2025-08-11T11:38:38.187+02:00[0;39m [33m WARN[0;39m [35m38185[0;39m [2m---[0;39m [2m[clenzy] [l-1 housekeeper][0;39m [2m[0;39m[36mcom.zaxxer.hikari.pool.HikariPool       [0;39m [2m:[0;39m HikariPool-1 - Thread starvation or clock leap detected (housekeeper delta=54m15s517ms).
java.util.zip.ZipException: ZipFile closed
	at org.springframework.boot.loader.jar.NestedJarFile$JarEntryInputStream.ensureOpen(NestedJarFile.java:758)
	at org.springframework.boot.loader.jar.NestedJarFile$JarEntryInputStream.read(NestedJarFile.java:713)
	at java.base/java.util.zip.InflaterInputStream.fill(InflaterInputStream.java:272)
	at org.springframework.boot.loader.jar.ZipInflaterInputStream.fill(ZipInflaterInputStream.java:67)
	at java.base/java.util.zip.InflaterInputStream.read(InflaterInputStream.java:176)
	at org.springframework.boot.loader.jar.ZipInflaterInputStream.read(ZipInflaterInputStream.java:57)
	at org.springframework.boot.loader.net.protocol.jar.LazyDelegatingInputStream.read(LazyDelegatingInputStream.java:43)
	at java.base/java.io.FilterInputStream.read(FilterInputStream.java:119)
	at java.base/java.io.PushbackInputStream.read(PushbackInputStream.java:185)
	at java.base/java.util.zip.ZipInputStream.readFully(ZipInputStream.java:696)
	at java.base/java.util.zip.ZipInputStream.readLOC(ZipInputStream.java:498)
	at java.base/java.util.zip.ZipInputStream.getNextEntry(ZipInputStream.java:158)
	at org.h2.util.Utils.loadResource(Utils.java:412)
	at org.h2.util.Utils.getResource(Utils.java:392)
	at org.h2.server.web.WebServer.getFile(WebServer.java:199)
	at org.h2.server.web.JakartaWebServlet.doGet(JakartaWebServlet.java:139)
	at org.h2.server.web.JakartaWebServlet.doPost(JakartaWebServlet.java:166)
	at jakarta.servlet.http.HttpServlet.service(HttpServlet.java:590)
	at jakarta.servlet.http.HttpServlet.service(HttpServlet.java:658)
	at org.apache.catalina.core.ApplicationFilterChain.internalDoFilter(ApplicationFilterChain.java:205)
	at org.apache.catalina.core.ApplicationFilterChain.doFilter(ApplicationFilterChain.java:149)
	at org.apache.tomcat.websocket.server.WsFilter.doFilter(WsFilter.java:51)
	at org.apache.catalina.core.ApplicationFilterChain.internalDoFilter(ApplicationFilterChain.java:174)
	at org.apache.catalina.core.ApplicationFilterChain.doFilter(ApplicationFilterChain.java:149)
	at org.springframework.security.web.FilterChainProxy.lambda$doFilterInternal$3(FilterChainProxy.java:231)
	at org.springframework.security.web.ObservationFilterChainDecorator$FilterObservation$SimpleFilterObservation.lambda$wrap$1(ObservationFilterChainDecorator.java:479)
	at org.springframework.security.web.ObservationFilterChainDecorator$AroundFilterObservation$SimpleAroundFilterObservation.lambda$wrap$1(ObservationFilterChainDecorator.java:340)
	at org.springframework.security.web.ObservationFilterChainDecorator.lambda$wrapSecured$0(ObservationFilterChainDecorator.java:82)
	at org.springframework.security.web.ObservationFilterChainDecorator$VirtualFilterChain.doFilter(ObservationFilterChainDecorator.java:128)
	at org.springframework.security.web.access.intercept.AuthorizationFilter.doFilter(AuthorizationFilter.java:100)
	at org.springframework.security.web.ObservationFilterChainDecorator$ObservationFilter.wrapFilter(ObservationFilterChainDecorator.java:240)
	at org.springframework.security.web.ObservationFilterChainDecorator$ObservationFilter.doFilter(ObservationFilterChainDecorator.java:227)
	at org.springframework.security.web.ObservationFilterChainDecorator$VirtualFilterChain.doFilter(ObservationFilterChainDecorator.java:137)
	at org.springframework.security.web.access.ExceptionTranslationFilter.doFilter(ExceptionTranslationFilter.java:126)
	at org.springframework.security.web.access.ExceptionTranslationFilter.doFilter(ExceptionTranslationFilter.java:120)
	at org.springframework.security.web.ObservationFilterChainDecorator$ObservationFilter.wrapFilter(ObservationFilterChainDecorator.java:240)
	at org.springframework.security.web.ObservationFilterChainDecorator$ObservationFilter.doFilter(ObservationFilterChainDecorator.java:227)
	at org.springframework.security.web.ObservationFilterChainDecorator$VirtualFilterChain.doFilter(ObservationFilterChainDecorator.java:137)
	at org.springframework.security.web.authentication.AnonymousAuthenticationFilter.doFilter(AnonymousAuthenticationFilter.java:100)
	at org.springframework.security.web.ObservationFilterChainDecorator$ObservationFilter.wrapFilter(ObservationFilterChainDecorator.java:240)
	at org.springframework.security.web.ObservationFilterChainDecorator$ObservationFilter.doFilter(ObservationFilterChainDecorator.java:227)
	at org.springframework.security.web.ObservationFilterChainDecorator$VirtualFilterChain.doFilter(ObservationFilterChainDecorator.java:137)
	at org.springframework.security.web.servletapi.SecurityContextHolderAwareRequestFilter.doFilter(SecurityContextHolderAwareRequestFilter.java:179)
	at org.springframework.security.web.ObservationFilterChainDecorator$ObservationFilter.wrapFilter(ObservationFilterChainDecorator.java:240)
	at org.springframework.security.web.ObservationFilterChainDecorator$ObservationFilter.doFilter(ObservationFilterChainDecorator.java:227)
	at org.springframework.security.web.ObservationFilterChainDecorator$VirtualFilterChain.doFilter(ObservationFilterChainDecorator.java:137)
	at org.springframework.security.web.savedrequest.RequestCacheAwareFilter.doFilter(RequestCacheAwareFilter.java:63)
	at org.springframework.security.web.ObservationFilterChainDecorator$ObservationFilter.wrapFilter(ObservationFilterChainDecorator.java:240)
	at org.springframework.security.web.ObservationFilterChainDecorator$ObservationFilter.doFilter(ObservationFilterChainDecorator.java:227)
	at org.springframework.security.web.ObservationFilterChainDecorator$VirtualFilterChain.doFilter(ObservationFilterChainDecorator.java:137)
	at org.springframework.security.web.authentication.www.BasicAuthenticationFilter.doFilterInternal(BasicAuthenticationFilter.java:181)
	at org.springframework.web.filter.OncePerRequestFilter.doFilter(OncePerRequestFilter.java:116)
	at org.springframework.security.web.ObservationFilterChainDecorator$ObservationFilter.wrapFilter(ObservationFilterChainDecorator.java:240)
	at org.springframework.security.web.ObservationFilterChainDecorator$ObservationFilter.doFilter(ObservationFilterChainDecorator.java:227)
	at org.springframework.security.web.ObservationFilterChainDecorator$VirtualFilterChain.doFilter(ObservationFilterChainDecorator.java:137)
	at org.springframework.security.web.authentication.logout.LogoutFilter.doFilter(LogoutFilter.java:107)
	at org.springframework.security.web.authentication.logout.LogoutFilter.doFilter(LogoutFilter.java:93)
	at org.springframework.security.web.ObservationFilterChainDecorator$ObservationFilter.wrapFilter(ObservationFilterChainDecorator.java:240)
	at org.springframework.security.web.ObservationFilterChainDecorator$ObservationFilter.doFilter(ObservationFilterChainDecorator.java:227)
	at org.springframework.security.web.ObservationFilterChainDecorator$VirtualFilterChain.doFilter(ObservationFilterChainDecorator.java:137)
	at org.springframework.web.filter.CorsFilter.doFilterInternal(CorsFilter.java:91)
	at org.springframework.web.filter.OncePerRequestFilter.doFilter(OncePerRequestFilter.java:116)
	at org.springframework.security.web.ObservationFilterChainDecorator$ObservationFilter.wrapFilter(ObservationFilterChainDecorator.java:240)
	at org.springframework.security.web.ObservationFilterChainDecorator$ObservationFilter.doFilter(ObservationFilterChainDecorator.java:227)
	at org.springframework.security.web.ObservationFilterChainDecorator$VirtualFilterChain.doFilter(ObservationFilterChainDecorator.java:137)
	at org.springframework.security.web.header.HeaderWriterFilter.doHeadersAfter(HeaderWriterFilter.java:90)
	at org.springframework.security.web.header.HeaderWriterFilter.doFilterInternal(HeaderWriterFilter.java:75)
	at org.springframework.web.filter.OncePerRequestFilter.doFilter(OncePerRequestFilter.java:116)
	at org.springframework.security.web.ObservationFilterChainDecorator$ObservationFilter.wrapFilter(ObservationFilterChainDecorator.java:240)
	at org.springframework.security.web.ObservationFilterChainDecorator$ObservationFilter.doFilter(ObservationFilterChainDecorator.java:227)
	at org.springframework.security.web.ObservationFilterChainDecorator$VirtualFilterChain.doFilter(ObservationFilterChainDecorator.java:137)
	at org.springframework.security.web.context.SecurityContextHolderFilter.doFilter(SecurityContextHolderFilter.java:82)
	at org.springframework.security.web.context.SecurityContextHolderFilter.doFilter(SecurityContextHolderFilter.java:69)
	at org.springframework.security.web.ObservationFilterChainDecorator$ObservationFilter.wrapFilter(ObservationFilterChainDecorator.java:240)
	at org.springframework.security.web.ObservationFilterChainDecorator$ObservationFilter.doFilter(ObservationFilterChainDecorator.java:227)
	at org.springframework.security.web.ObservationFilterChainDecorator$VirtualFilterChain.doFilter(ObservationFilterChainDecorator.java:137)
	at org.springframework.security.web.context.request.async.WebAsyncManagerIntegrationFilter.doFilterInternal(WebAsyncManagerIntegrationFilter.java:62)
	at org.springframework.web.filter.OncePerRequestFilter.doFilter(OncePerRequestFilter.java:116)
	at org.springframework.security.web.ObservationFilterChainDecorator$ObservationFilter.wrapFilter(ObservationFilterChainDecorator.java:240)
	at org.springframework.security.web.ObservationFilterChainDecorator$ObservationFilter.doFilter(ObservationFilterChainDecorator.java:227)
	at org.springframework.security.web.ObservationFilterChainDecorator$VirtualFilterChain.doFilter(ObservationFilterChainDecorator.java:137)
	at org.springframework.security.web.session.DisableEncodeUrlFilter.doFilterInternal(DisableEncodeUrlFilter.java:42)
	at org.springframework.web.filter.OncePerRequestFilter.doFilter(OncePerRequestFilter.java:116)
	at org.springframework.security.web.ObservationFilterChainDecorator$ObservationFilter.wrapFilter(ObservationFilterChainDecorator.java:240)
	at org.springframework.security.web.ObservationFilterChainDecorator$AroundFilterObservation$SimpleAroundFilterObservation.lambda$wrap$0(ObservationFilterChainDecorator.java:323)
	at org.springframework.security.web.ObservationFilterChainDecorator$ObservationFilter.doFilter(ObservationFilterChainDecorator.java:224)
	at org.springframework.security.web.ObservationFilterChainDecorator$VirtualFilterChain.doFilter(ObservationFilterChainDecorator.java:137)
	at org.springframework.security.web.FilterChainProxy.doFilterInternal(FilterChainProxy.java:233)
	at org.springframework.security.web.FilterChainProxy.doFilter(FilterChainProxy.java:191)
	at org.springframework.web.filter.DelegatingFilterProxy.invokeDelegate(DelegatingFilterProxy.java:352)
	at org.springframework.web.filter.DelegatingFilterProxy.doFilter(DelegatingFilterProxy.java:268)
	at org.apache.catalina.core.ApplicationFilterChain.internalDoFilter(ApplicationFilterChain.java:174)
	at org.apache.catalina.core.ApplicationFilterChain.doFilter(ApplicationFilterChain.java:149)
	at org.springframework.web.filter.RequestContextFilter.doFilterInternal(RequestContextFilter.java:100)
	at org.springframework.web.filter.OncePerRequestFilter.doFilter(OncePerRequestFilter.java:116)
	at org.apache.catalina.core.ApplicationFilterChain.internalDoFilter(ApplicationFilterChain.java:174)
	at org.apache.catalina.core.ApplicationFilterChain.doFilter(ApplicationFilterChain.java:149)
	at org.springframework.web.filter.FormContentFilter.doFilterInternal(FormContentFilter.java:93)
	at org.springframework.web.filter.OncePerRequestFilter.doFilter(OncePerRequestFilter.java:116)
	at org.apache.catalina.core.ApplicationFilterChain.internalDoFilter(ApplicationFilterChain.java:174)
	at org.apache.catalina.core.ApplicationFilterChain.doFilter(ApplicationFilterChain.java:149)
	at org.springframework.web.filter.ServerHttpObservationFilter.doFilterInternal(ServerHttpObservationFilter.java:109)
	at org.springframework.web.filter.OncePerRequestFilter.doFilter(OncePerRequestFilter.java:116)
	at org.apache.catalina.core.ApplicationFilterChain.internalDoFilter(ApplicationFilterChain.java:174)
	at org.apache.catalina.core.ApplicationFilterChain.doFilter(ApplicationFilterChain.java:149)
	at org.springframework.web.filter.CharacterEncodingFilter.doFilterInternal(CharacterEncodingFilter.java:201)
	at org.springframework.web.filter.OncePerRequestFilter.doFilter(OncePerRequestFilter.java:116)
	at org.apache.catalina.core.ApplicationFilterChain.internalDoFilter(ApplicationFilterChain.java:174)
	at org.apache.catalina.core.ApplicationFilterChain.doFilter(ApplicationFilterChain.java:149)
	at org.apache.catalina.core.StandardWrapperValve.invoke(StandardWrapperValve.java:167)
	at org.apache.catalina.core.StandardContextValve.invoke(StandardContextValve.java:90)
	at org.apache.catalina.authenticator.AuthenticatorBase.invoke(AuthenticatorBase.java:482)
	at org.apache.catalina.core.StandardHostValve.invoke(StandardHostValve.java:115)
	at org.apache.catalina.valves.ErrorReportValve.invoke(ErrorReportValve.java:93)
	at org.apache.catalina.core.StandardEngineValve.invoke(StandardEngineValve.java:74)
	at org.apache.catalina.connector.CoyoteAdapter.service(CoyoteAdapter.java:340)
	at org.apache.coyote.http11.Http11Processor.service(Http11Processor.java:391)
	at org.apache.coyote.AbstractProcessorLight.process(AbstractProcessorLight.java:63)
	at org.apache.coyote.AbstractProtocol$ConnectionHandler.process(AbstractProtocol.java:896)
	at org.apache.tomcat.util.net.NioEndpoint$SocketProcessor.doRun(NioEndpoint.java:1744)
	at org.apache.tomcat.util.net.SocketProcessorBase.run(SocketProcessorBase.java:52)
	at org.apache.tomcat.util.threads.ThreadPoolExecutor.runWorker(ThreadPoolExecutor.java:1191)
	at org.apache.tomcat.util.threads.ThreadPoolExecutor$Worker.run(ThreadPoolExecutor.java:659)
	at org.apache.tomcat.util.threads.TaskThread$WrappingRunnable.run(TaskThread.java:61)
	at java.base/java.lang.Thread.run(Thread.java:1447)
Exception in thread "http-nio-0.0.0.0-8081-exec-2" java.lang.NoClassDefFoundError: ch/qos/logback/classic/spi/ThrowableProxy
	at ch.qos.logback.classic.spi.LoggingEvent.<init>(LoggingEvent.java:143)
	at ch.qos.logback.classic.Logger.buildLoggingEventAndAppend(Logger.java:424)
	at ch.qos.logback.classic.Logger.filterAndLog_0_Or3Plus(Logger.java:386)
	at ch.qos.logback.classic.Logger.log(Logger.java:780)
	at org.slf4j.bridge.SLF4JBridgeHandler.callLocationAwareLogger(SLF4JBridgeHandler.java:232)
	at org.slf4j.bridge.SLF4JBridgeHandler.publish(SLF4JBridgeHandler.java:313)
	at java.logging/java.util.logging.Logger.log(Logger.java:962)
	at java.logging/java.util.logging.Logger.doLog(Logger.java:989)
	at java.logging/java.util.logging.Logger.logp(Logger.java:1266)
	at org.apache.juli.logging.DirectJDKLog.log(DirectJDKLog.java:175)
	at org.apache.juli.logging.DirectJDKLog.error(DirectJDKLog.java:141)
	at org.apache.tomcat.util.net.NioEndpoint$SocketProcessor.doRun(NioEndpoint.java:1762)
	at org.apache.tomcat.util.net.SocketProcessorBase.run(SocketProcessorBase.java:52)
	at org.apache.tomcat.util.threads.ThreadPoolExecutor.runWorker(ThreadPoolExecutor.java:1191)
	at org.apache.tomcat.util.threads.ThreadPoolExecutor$Worker.run(ThreadPoolExecutor.java:659)
	at org.apache.tomcat.util.threads.TaskThread$WrappingRunnable.run(TaskThread.java:61)
	at java.base/java.lang.Thread.run(Thread.java:1447)
Caused by: java.lang.ClassNotFoundException: ch.qos.logback.classic.spi.ThrowableProxy
	... 17 more
java.util.zip.ZipException: ZipFile closed
	at org.springframework.boot.loader.jar.NestedJarFile$JarEntryInputStream.ensureOpen(NestedJarFile.java:758)
	at org.springframework.boot.loader.jar.NestedJarFile$JarEntryInputStream.read(NestedJarFile.java:713)
	at java.base/java.util.zip.InflaterInputStream.fill(InflaterInputStream.java:272)
	at org.springframework.boot.loader.jar.ZipInflaterInputStream.fill(ZipInflaterInputStream.java:67)
	at java.base/java.util.zip.InflaterInputStream.read(InflaterInputStream.java:176)
	at org.springframework.boot.loader.jar.ZipInflaterInputStream.read(ZipInflaterInputStream.java:57)
	at org.springframework.boot.loader.net.protocol.jar.LazyDelegatingInputStream.read(LazyDelegatingInputStream.java:43)
	at java.base/java.io.FilterInputStream.read(FilterInputStream.java:119)
	at java.base/java.io.PushbackInputStream.read(PushbackInputStream.java:185)
	at java.base/java.util.zip.ZipInputStream.readFully(ZipInputStream.java:696)
	at java.base/java.util.zip.ZipInputStream.readLOC(ZipInputStream.java:498)
	at java.base/java.util.zip.ZipInputStream.getNextEntry(ZipInputStream.java:158)
	at org.h2.util.Utils.loadResource(Utils.java:412)
	at org.h2.util.Utils.getResource(Utils.java:392)
	at org.h2.server.web.WebServer.getFile(WebServer.java:199)
	at org.h2.server.web.JakartaWebServlet.doGet(JakartaWebServlet.java:139)
	at org.h2.server.web.JakartaWebServlet.doPost(JakartaWebServlet.java:166)
	at jakarta.servlet.http.HttpServlet.service(HttpServlet.java:590)
	at jakarta.servlet.http.HttpServlet.service(HttpServlet.java:658)
	at org.apache.catalina.core.ApplicationFilterChain.internalDoFilter(ApplicationFilterChain.java:205)
	at org.apache.catalina.core.ApplicationFilterChain.doFilter(ApplicationFilterChain.java:149)
	at org.apache.tomcat.websocket.server.WsFilter.doFilter(WsFilter.java:51)
	at org.apache.catalina.core.ApplicationFilterChain.internalDoFilter(ApplicationFilterChain.java:174)
	at org.apache.catalina.core.ApplicationFilterChain.doFilter(ApplicationFilterChain.java:149)
	at org.springframework.security.web.FilterChainProxy.lambda$doFilterInternal$3(FilterChainProxy.java:231)
	at org.springframework.security.web.ObservationFilterChainDecorator$FilterObservation$SimpleFilterObservation.lambda$wrap$1(ObservationFilterChainDecorator.java:479)
	at org.springframework.security.web.ObservationFilterChainDecorator$AroundFilterObservation$SimpleAroundFilterObservation.lambda$wrap$1(ObservationFilterChainDecorator.java:340)
	at org.springframework.security.web.ObservationFilterChainDecorator.lambda$wrapSecured$0(ObservationFilterChainDecorator.java:82)
	at org.springframework.security.web.ObservationFilterChainDecorator$VirtualFilterChain.doFilter(ObservationFilterChainDecorator.java:128)
	at org.springframework.security.web.access.intercept.AuthorizationFilter.doFilter(AuthorizationFilter.java:100)
	at org.springframework.security.web.ObservationFilterChainDecorator$ObservationFilter.wrapFilter(ObservationFilterChainDecorator.java:240)
	at org.springframework.security.web.ObservationFilterChainDecorator$ObservationFilter.doFilter(ObservationFilterChainDecorator.java:227)
	at org.springframework.security.web.ObservationFilterChainDecorator$VirtualFilterChain.doFilter(ObservationFilterChainDecorator.java:137)
	at org.springframework.security.web.access.ExceptionTranslationFilter.doFilter(ExceptionTranslationFilter.java:126)
	at org.springframework.security.web.access.ExceptionTranslationFilter.doFilter(ExceptionTranslationFilter.java:120)
	at org.springframework.security.web.ObservationFilterChainDecorator$ObservationFilter.wrapFilter(ObservationFilterChainDecorator.java:240)
	at org.springframework.security.web.ObservationFilterChainDecorator$ObservationFilter.doFilter(ObservationFilterChainDecorator.java:227)
	at org.springframework.security.web.ObservationFilterChainDecorator$VirtualFilterChain.doFilter(ObservationFilterChainDecorator.java:137)
	at org.springframework.security.web.authentication.AnonymousAuthenticationFilter.doFilter(AnonymousAuthenticationFilter.java:100)
	at org.springframework.security.web.ObservationFilterChainDecorator$ObservationFilter.wrapFilter(ObservationFilterChainDecorator.java:240)
	at org.springframework.security.web.ObservationFilterChainDecorator$ObservationFilter.doFilter(ObservationFilterChainDecorator.java:227)
	at org.springframework.security.web.ObservationFilterChainDecorator$VirtualFilterChain.doFilter(ObservationFilterChainDecorator.java:137)
	at org.springframework.security.web.servletapi.SecurityContextHolderAwareRequestFilter.doFilter(SecurityContextHolderAwareRequestFilter.java:179)
	at org.springframework.security.web.ObservationFilterChainDecorator$ObservationFilter.wrapFilter(ObservationFilterChainDecorator.java:240)
	at org.springframework.security.web.ObservationFilterChainDecorator$ObservationFilter.doFilter(ObservationFilterChainDecorator.java:227)
	at org.springframework.security.web.ObservationFilterChainDecorator$VirtualFilterChain.doFilter(ObservationFilterChainDecorator.java:137)
	at org.springframework.security.web.savedrequest.RequestCacheAwareFilter.doFilter(RequestCacheAwareFilter.java:63)
	at org.springframework.security.web.ObservationFilterChainDecorator$ObservationFilter.wrapFilter(ObservationFilterChainDecorator.java:240)
	at org.springframework.security.web.ObservationFilterChainDecorator$ObservationFilter.doFilter(ObservationFilterChainDecorator.java:227)
	at org.springframework.security.web.ObservationFilterChainDecorator$VirtualFilterChain.doFilter(ObservationFilterChainDecorator.java:137)
	at org.springframework.security.web.authentication.www.BasicAuthenticationFilter.doFilterInternal(BasicAuthenticationFilter.java:181)
	at org.springframework.web.filter.OncePerRequestFilter.doFilter(OncePerRequestFilter.java:116)
	at org.springframework.security.web.ObservationFilterChainDecorator$ObservationFilter.wrapFilter(ObservationFilterChainDecorator.java:240)
	at org.springframework.security.web.ObservationFilterChainDecorator$ObservationFilter.doFilter(ObservationFilterChainDecorator.java:227)
	at org.springframework.security.web.ObservationFilterChainDecorator$VirtualFilterChain.doFilter(ObservationFilterChainDecorator.java:137)
	at org.springframework.security.web.authentication.logout.LogoutFilter.doFilter(LogoutFilter.java:107)
	at org.springframework.security.web.authentication.logout.LogoutFilter.doFilter(LogoutFilter.java:93)
	at org.springframework.security.web.ObservationFilterChainDecorator$ObservationFilter.wrapFilter(ObservationFilterChainDecorator.java:240)
	at org.springframework.security.web.ObservationFilterChainDecorator$ObservationFilter.doFilter(ObservationFilterChainDecorator.java:227)
	at org.springframework.security.web.ObservationFilterChainDecorator$VirtualFilterChain.doFilter(ObservationFilterChainDecorator.java:137)
	at org.springframework.web.filter.CorsFilter.doFilterInternal(CorsFilter.java:91)
	at org.springframework.web.filter.OncePerRequestFilter.doFilter(OncePerRequestFilter.java:116)
	at org.springframework.security.web.ObservationFilterChainDecorator$ObservationFilter.wrapFilter(ObservationFilterChainDecorator.java:240)
	at org.springframework.security.web.ObservationFilterChainDecorator$ObservationFilter.doFilter(ObservationFilterChainDecorator.java:227)
	at org.springframework.security.web.ObservationFilterChainDecorator$VirtualFilterChain.doFilter(ObservationFilterChainDecorator.java:137)
	at org.springframework.security.web.header.HeaderWriterFilter.doHeadersAfter(HeaderWriterFilter.java:90)
	at org.springframework.security.web.header.HeaderWriterFilter.doFilterInternal(HeaderWriterFilter.java:75)
	at org.springframework.web.filter.OncePerRequestFilter.doFilter(OncePerRequestFilter.java:116)
	at org.springframework.security.web.ObservationFilterChainDecorator$ObservationFilter.wrapFilter(ObservationFilterChainDecorator.java:240)
	at org.springframework.security.web.ObservationFilterChainDecorator$ObservationFilter.doFilter(ObservationFilterChainDecorator.java:227)
	at org.springframework.security.web.ObservationFilterChainDecorator$VirtualFilterChain.doFilter(ObservationFilterChainDecorator.java:137)
	at org.springframework.security.web.context.SecurityContextHolderFilter.doFilter(SecurityContextHolderFilter.java:82)
	at org.springframework.security.web.context.SecurityContextHolderFilter.doFilter(SecurityContextHolderFilter.java:69)
	at org.springframework.security.web.ObservationFilterChainDecorator$ObservationFilter.wrapFilter(ObservationFilterChainDecorator.java:240)
	at org.springframework.security.web.ObservationFilterChainDecorator$ObservationFilter.doFilter(ObservationFilterChainDecorator.java:227)
	at org.springframework.security.web.ObservationFilterChainDecorator$VirtualFilterChain.doFilter(ObservationFilterChainDecorator.java:137)
	at org.springframework.security.web.context.request.async.WebAsyncManagerIntegrationFilter.doFilterInternal(WebAsyncManagerIntegrationFilter.java:62)
	at org.springframework.web.filter.OncePerRequestFilter.doFilter(OncePerRequestFilter.java:116)
	at org.springframework.security.web.ObservationFilterChainDecorator$ObservationFilter.wrapFilter(ObservationFilterChainDecorator.java:240)
	at org.springframework.security.web.ObservationFilterChainDecorator$ObservationFilter.doFilter(ObservationFilterChainDecorator.java:227)
	at org.springframework.security.web.ObservationFilterChainDecorator$VirtualFilterChain.doFilter(ObservationFilterChainDecorator.java:137)
	at org.springframework.security.web.session.DisableEncodeUrlFilter.doFilterInternal(DisableEncodeUrlFilter.java:42)
	at org.springframework.web.filter.OncePerRequestFilter.doFilter(OncePerRequestFilter.java:116)
	at org.springframework.security.web.ObservationFilterChainDecorator$ObservationFilter.wrapFilter(ObservationFilterChainDecorator.java:240)
	at org.springframework.security.web.ObservationFilterChainDecorator$AroundFilterObservation$SimpleAroundFilterObservation.lambda$wrap$0(ObservationFilterChainDecorator.java:323)
	at org.springframework.security.web.ObservationFilterChainDecorator$ObservationFilter.doFilter(ObservationFilterChainDecorator.java:224)
	at org.springframework.security.web.ObservationFilterChainDecorator$VirtualFilterChain.doFilter(ObservationFilterChainDecorator.java:137)
	at org.springframework.security.web.FilterChainProxy.doFilterInternal(FilterChainProxy.java:233)
	at org.springframework.security.web.FilterChainProxy.doFilter(FilterChainProxy.java:191)
	at org.springframework.web.filter.DelegatingFilterProxy.invokeDelegate(DelegatingFilterProxy.java:352)
	at org.springframework.web.filter.DelegatingFilterProxy.doFilter(DelegatingFilterProxy.java:268)
	at org.apache.catalina.core.ApplicationFilterChain.internalDoFilter(ApplicationFilterChain.java:174)
	at org.apache.catalina.core.ApplicationFilterChain.doFilter(ApplicationFilterChain.java:149)
	at org.springframework.web.filter.RequestContextFilter.doFilterInternal(RequestContextFilter.java:100)
	at org.springframework.web.filter.OncePerRequestFilter.doFilter(OncePerRequestFilter.java:116)
	at org.apache.catalina.core.ApplicationFilterChain.internalDoFilter(ApplicationFilterChain.java:174)
	at org.apache.catalina.core.ApplicationFilterChain.doFilter(ApplicationFilterChain.java:149)
	at org.springframework.web.filter.FormContentFilter.doFilterInternal(FormContentFilter.java:93)
	at org.springframework.web.filter.OncePerRequestFilter.doFilter(OncePerRequestFilter.java:116)
	at org.apache.catalina.core.ApplicationFilterChain.internalDoFilter(ApplicationFilterChain.java:174)
	at org.apache.catalina.core.ApplicationFilterChain.doFilter(ApplicationFilterChain.java:149)
	at org.springframework.web.filter.ServerHttpObservationFilter.doFilterInternal(ServerHttpObservationFilter.java:109)
	at org.springframework.web.filter.OncePerRequestFilter.doFilter(OncePerRequestFilter.java:116)
	at org.apache.catalina.core.ApplicationFilterChain.internalDoFilter(ApplicationFilterChain.java:174)
	at org.apache.catalina.core.ApplicationFilterChain.doFilter(ApplicationFilterChain.java:149)
	at org.springframework.web.filter.CharacterEncodingFilter.doFilterInternal(CharacterEncodingFilter.java:201)
	at org.springframework.web.filter.OncePerRequestFilter.doFilter(OncePerRequestFilter.java:116)
	at org.apache.catalina.core.ApplicationFilterChain.internalDoFilter(ApplicationFilterChain.java:174)
	at org.apache.catalina.core.ApplicationFilterChain.doFilter(ApplicationFilterChain.java:149)
	at org.apache.catalina.core.StandardWrapperValve.invoke(StandardWrapperValve.java:167)
	at org.apache.catalina.core.StandardContextValve.invoke(StandardContextValve.java:90)
	at org.apache.catalina.authenticator.AuthenticatorBase.invoke(AuthenticatorBase.java:482)
	at org.apache.catalina.core.StandardHostValve.invoke(StandardHostValve.java:115)
	at org.apache.catalina.valves.ErrorReportValve.invoke(ErrorReportValve.java:93)
	at org.apache.catalina.core.StandardEngineValve.invoke(StandardEngineValve.java:74)
	at org.apache.catalina.connector.CoyoteAdapter.service(CoyoteAdapter.java:340)
	at org.apache.coyote.http11.Http11Processor.service(Http11Processor.java:391)
	at org.apache.coyote.AbstractProcessorLight.process(AbstractProcessorLight.java:63)
	at org.apache.coyote.AbstractProtocol$ConnectionHandler.process(AbstractProtocol.java:896)
	at org.apache.tomcat.util.net.NioEndpoint$SocketProcessor.doRun(NioEndpoint.java:1744)
	at org.apache.tomcat.util.net.SocketProcessorBase.run(SocketProcessorBase.java:52)
	at org.apache.tomcat.util.threads.ThreadPoolExecutor.runWorker(ThreadPoolExecutor.java:1191)
	at org.apache.tomcat.util.threads.ThreadPoolExecutor$Worker.run(ThreadPoolExecutor.java:659)
	at org.apache.tomcat.util.threads.TaskThread$WrappingRunnable.run(TaskThread.java:61)
	at java.base/java.lang.Thread.run(Thread.java:1447)
Exception in thread "http-nio-0.0.0.0-8081-exec-10" java.lang.NoClassDefFoundError: ch/qos/logback/classic/spi/ThrowableProxy
	at ch.qos.logback.classic.spi.LoggingEvent.<init>(LoggingEvent.java:143)
	at ch.qos.logback.classic.Logger.buildLoggingEventAndAppend(Logger.java:424)
	at ch.qos.logback.classic.Logger.filterAndLog_0_Or3Plus(Logger.java:386)
	at ch.qos.logback.classic.Logger.log(Logger.java:780)
	at org.slf4j.bridge.SLF4JBridgeHandler.callLocationAwareLogger(SLF4JBridgeHandler.java:232)
	at org.slf4j.bridge.SLF4JBridgeHandler.publish(SLF4JBridgeHandler.java:313)
	at java.logging/java.util.logging.Logger.log(Logger.java:962)
	at java.logging/java.util.logging.Logger.doLog(Logger.java:989)
	at java.logging/java.util.logging.Logger.logp(Logger.java:1266)
	at org.apache.juli.logging.DirectJDKLog.log(DirectJDKLog.java:175)
	at org.apache.juli.logging.DirectJDKLog.error(DirectJDKLog.java:141)
	at org.apache.tomcat.util.net.NioEndpoint$SocketProcessor.doRun(NioEndpoint.java:1762)
	at org.apache.tomcat.util.net.SocketProcessorBase.run(SocketProcessorBase.java:52)
	at org.apache.tomcat.util.threads.ThreadPoolExecutor.runWorker(ThreadPoolExecutor.java:1191)
	at org.apache.tomcat.util.threads.ThreadPoolExecutor$Worker.run(ThreadPoolExecutor.java:659)
	at org.apache.tomcat.util.threads.TaskThread$WrappingRunnable.run(TaskThread.java:61)
	at java.base/java.lang.Thread.run(Thread.java:1447)
Caused by: java.lang.ClassNotFoundException: ch.qos.logback.classic.spi.ThrowableProxy
	... 17 more
java.util.zip.ZipException: ZipFile closed
	at org.springframework.boot.loader.jar.NestedJarFile$JarEntryInputStream.ensureOpen(NestedJarFile.java:758)
	at org.springframework.boot.loader.jar.NestedJarFile$JarEntryInputStream.read(NestedJarFile.java:713)
	at java.base/java.util.zip.InflaterInputStream.fill(InflaterInputStream.java:272)
	at org.springframework.boot.loader.jar.ZipInflaterInputStream.fill(ZipInflaterInputStream.java:67)
	at java.base/java.util.zip.InflaterInputStream.read(InflaterInputStream.java:176)
	at org.springframework.boot.loader.jar.ZipInflaterInputStream.read(ZipInflaterInputStream.java:57)
	at org.springframework.boot.loader.net.protocol.jar.LazyDelegatingInputStream.read(LazyDelegatingInputStream.java:43)
	at java.base/java.io.FilterInputStream.read(FilterInputStream.java:119)
	at java.base/java.io.PushbackInputStream.read(PushbackInputStream.java:185)
	at java.base/java.util.zip.ZipInputStream.readFully(ZipInputStream.java:696)
	at java.base/java.util.zip.ZipInputStream.readLOC(ZipInputStream.java:498)
	at java.base/java.util.zip.ZipInputStream.getNextEntry(ZipInputStream.java:158)
	at org.h2.util.Utils.loadResource(Utils.java:412)
	at org.h2.util.Utils.getResource(Utils.java:392)
	at org.h2.server.web.WebServer.getFile(WebServer.java:199)
	at org.h2.server.web.JakartaWebServlet.doGet(JakartaWebServlet.java:139)
	at org.h2.server.web.JakartaWebServlet.doPost(JakartaWebServlet.java:166)
	at jakarta.servlet.http.HttpServlet.service(HttpServlet.java:590)
	at jakarta.servlet.http.HttpServlet.service(HttpServlet.java:658)
	at org.apache.catalina.core.ApplicationFilterChain.internalDoFilter(ApplicationFilterChain.java:205)
	at org.apache.catalina.core.ApplicationFilterChain.doFilter(ApplicationFilterChain.java:149)
	at org.apache.tomcat.websocket.server.WsFilter.doFilter(WsFilter.java:51)
	at org.apache.catalina.core.ApplicationFilterChain.internalDoFilter(ApplicationFilterChain.java:174)
	at org.apache.catalina.core.ApplicationFilterChain.doFilter(ApplicationFilterChain.java:149)
	at org.springframework.security.web.FilterChainProxy.lambda$doFilterInternal$3(FilterChainProxy.java:231)
	at org.springframework.security.web.ObservationFilterChainDecorator$FilterObservation$SimpleFilterObservation.lambda$wrap$1(ObservationFilterChainDecorator.java:479)
	at org.springframework.security.web.ObservationFilterChainDecorator$AroundFilterObservation$SimpleAroundFilterObservation.lambda$wrap$1(ObservationFilterChainDecorator.java:340)
	at org.springframework.security.web.ObservationFilterChainDecorator.lambda$wrapSecured$0(ObservationFilterChainDecorator.java:82)
	at org.springframework.security.web.ObservationFilterChainDecorator$VirtualFilterChain.doFilter(ObservationFilterChainDecorator.java:128)
	at org.springframework.security.web.access.intercept.AuthorizationFilter.doFilter(AuthorizationFilter.java:100)
	at org.springframework.security.web.ObservationFilterChainDecorator$ObservationFilter.wrapFilter(ObservationFilterChainDecorator.java:240)
	at org.springframework.security.web.ObservationFilterChainDecorator$ObservationFilter.doFilter(ObservationFilterChainDecorator.java:227)
	at org.springframework.security.web.ObservationFilterChainDecorator$VirtualFilterChain.doFilter(ObservationFilterChainDecorator.java:137)
	at org.springframework.security.web.access.ExceptionTranslationFilter.doFilter(ExceptionTranslationFilter.java:126)
	at org.springframework.security.web.access.ExceptionTranslationFilter.doFilter(ExceptionTranslationFilter.java:120)
	at org.springframework.security.web.ObservationFilterChainDecorator$ObservationFilter.wrapFilter(ObservationFilterChainDecorator.java:240)
	at org.springframework.security.web.ObservationFilterChainDecorator$ObservationFilter.doFilter(ObservationFilterChainDecorator.java:227)
	at org.springframework.security.web.ObservationFilterChainDecorator$VirtualFilterChain.doFilter(ObservationFilterChainDecorator.java:137)
	at org.springframework.security.web.authentication.AnonymousAuthenticationFilter.doFilter(AnonymousAuthenticationFilter.java:100)
	at org.springframework.security.web.ObservationFilterChainDecorator$ObservationFilter.wrapFilter(ObservationFilterChainDecorator.java:240)
	at org.springframework.security.web.ObservationFilterChainDecorator$ObservationFilter.doFilter(ObservationFilterChainDecorator.java:227)
	at org.springframework.security.web.ObservationFilterChainDecorator$VirtualFilterChain.doFilter(ObservationFilterChainDecorator.java:137)
	at org.springframework.security.web.servletapi.SecurityContextHolderAwareRequestFilter.doFilter(SecurityContextHolderAwareRequestFilter.java:179)
	at org.springframework.security.web.ObservationFilterChainDecorator$ObservationFilter.wrapFilter(ObservationFilterChainDecorator.java:240)
	at org.springframework.security.web.ObservationFilterChainDecorator$ObservationFilter.doFilter(ObservationFilterChainDecorator.java:227)
	at org.springframework.security.web.ObservationFilterChainDecorator$VirtualFilterChain.doFilter(ObservationFilterChainDecorator.java:137)
	at org.springframework.security.web.savedrequest.RequestCacheAwareFilter.doFilter(RequestCacheAwareFilter.java:63)
	at org.springframework.security.web.ObservationFilterChainDecorator$ObservationFilter.wrapFilter(ObservationFilterChainDecorator.java:240)
	at org.springframework.security.web.ObservationFilterChainDecorator$ObservationFilter.doFilter(ObservationFilterChainDecorator.java:227)
	at org.springframework.security.web.ObservationFilterChainDecorator$VirtualFilterChain.doFilter(ObservationFilterChainDecorator.java:137)
	at org.springframework.security.web.authentication.www.BasicAuthenticationFilter.doFilterInternal(BasicAuthenticationFilter.java:181)
	at org.springframework.web.filter.OncePerRequestFilter.doFilter(OncePerRequestFilter.java:116)
	at org.springframework.security.web.ObservationFilterChainDecorator$ObservationFilter.wrapFilter(ObservationFilterChainDecorator.java:240)
	at org.springframework.security.web.ObservationFilterChainDecorator$ObservationFilter.doFilter(ObservationFilterChainDecorator.java:227)
	at org.springframework.security.web.ObservationFilterChainDecorator$VirtualFilterChain.doFilter(ObservationFilterChainDecorator.java:137)
	at org.springframework.security.web.authentication.logout.LogoutFilter.doFilter(LogoutFilter.java:107)
	at org.springframework.security.web.authentication.logout.LogoutFilter.doFilter(LogoutFilter.java:93)
	at org.springframework.security.web.ObservationFilterChainDecorator$ObservationFilter.wrapFilter(ObservationFilterChainDecorator.java:240)
	at org.springframework.security.web.ObservationFilterChainDecorator$ObservationFilter.doFilter(ObservationFilterChainDecorator.java:227)
	at org.springframework.security.web.ObservationFilterChainDecorator$VirtualFilterChain.doFilter(ObservationFilterChainDecorator.java:137)
	at org.springframework.web.filter.CorsFilter.doFilterInternal(CorsFilter.java:91)
	at org.springframework.web.filter.OncePerRequestFilter.doFilter(OncePerRequestFilter.java:116)
	at org.springframework.security.web.ObservationFilterChainDecorator$ObservationFilter.wrapFilter(ObservationFilterChainDecorator.java:240)
	at org.springframework.security.web.ObservationFilterChainDecorator$ObservationFilter.doFilter(ObservationFilterChainDecorator.java:227)
	at org.springframework.security.web.ObservationFilterChainDecorator$VirtualFilterChain.doFilter(ObservationFilterChainDecorator.java:137)
	at org.springframework.security.web.header.HeaderWriterFilter.doHeadersAfter(HeaderWriterFilter.java:90)
	at org.springframework.security.web.header.HeaderWriterFilter.doFilterInternal(HeaderWriterFilter.java:75)
	at org.springframework.web.filter.OncePerRequestFilter.doFilter(OncePerRequestFilter.java:116)
	at org.springframework.security.web.ObservationFilterChainDecorator$ObservationFilter.wrapFilter(ObservationFilterChainDecorator.java:240)
	at org.springframework.security.web.ObservationFilterChainDecorator$ObservationFilter.doFilter(ObservationFilterChainDecorator.java:227)
	at org.springframework.security.web.ObservationFilterChainDecorator$VirtualFilterChain.doFilter(ObservationFilterChainDecorator.java:137)
	at org.springframework.security.web.context.SecurityContextHolderFilter.doFilter(SecurityContextHolderFilter.java:82)
	at org.springframework.security.web.context.SecurityContextHolderFilter.doFilter(SecurityContextHolderFilter.java:69)
	at org.springframework.security.web.ObservationFilterChainDecorator$ObservationFilter.wrapFilter(ObservationFilterChainDecorator.java:240)
	at org.springframework.security.web.ObservationFilterChainDecorator$ObservationFilter.doFilter(ObservationFilterChainDecorator.java:227)
	at org.springframework.security.web.ObservationFilterChainDecorator$VirtualFilterChain.doFilter(ObservationFilterChainDecorator.java:137)
	at org.springframework.security.web.context.request.async.WebAsyncManagerIntegrationFilter.doFilterInternal(WebAsyncManagerIntegrationFilter.java:62)
	at org.springframework.web.filter.OncePerRequestFilter.doFilter(OncePerRequestFilter.java:116)
	at org.springframework.security.web.ObservationFilterChainDecorator$ObservationFilter.wrapFilter(ObservationFilterChainDecorator.java:240)
	at org.springframework.security.web.ObservationFilterChainDecorator$ObservationFilter.doFilter(ObservationFilterChainDecorator.java:227)
	at org.springframework.security.web.ObservationFilterChainDecorator$VirtualFilterChain.doFilter(ObservationFilterChainDecorator.java:137)
	at org.springframework.security.web.session.DisableEncodeUrlFilter.doFilterInternal(DisableEncodeUrlFilter.java:42)
	at org.springframework.web.filter.OncePerRequestFilter.doFilter(OncePerRequestFilter.java:116)
	at org.springframework.security.web.ObservationFilterChainDecorator$ObservationFilter.wrapFilter(ObservationFilterChainDecorator.java:240)
	at org.springframework.security.web.ObservationFilterChainDecorator$AroundFilterObservation$SimpleAroundFilterObservation.lambda$wrap$0(ObservationFilterChainDecorator.java:323)
	at org.springframework.security.web.ObservationFilterChainDecorator$ObservationFilter.doFilter(ObservationFilterChainDecorator.java:224)
	at org.springframework.security.web.ObservationFilterChainDecorator$VirtualFilterChain.doFilter(ObservationFilterChainDecorator.java:137)
	at org.springframework.security.web.FilterChainProxy.doFilterInternal(FilterChainProxy.java:233)
	at org.springframework.security.web.FilterChainProxy.doFilter(FilterChainProxy.java:191)
	at org.springframework.web.filter.DelegatingFilterProxy.invokeDelegate(DelegatingFilterProxy.java:352)
	at org.springframework.web.filter.DelegatingFilterProxy.doFilter(DelegatingFilterProxy.java:268)
	at org.apache.catalina.core.ApplicationFilterChain.internalDoFilter(ApplicationFilterChain.java:174)
	at org.apache.catalina.core.ApplicationFilterChain.doFilter(ApplicationFilterChain.java:149)
	at org.springframework.web.filter.RequestContextFilter.doFilterInternal(RequestContextFilter.java:100)
	at org.springframework.web.filter.OncePerRequestFilter.doFilter(OncePerRequestFilter.java:116)
	at org.apache.catalina.core.ApplicationFilterChain.internalDoFilter(ApplicationFilterChain.java:174)
	at org.apache.catalina.core.ApplicationFilterChain.doFilter(ApplicationFilterChain.java:149)
	at org.springframework.web.filter.FormContentFilter.doFilterInternal(FormContentFilter.java:93)
	at org.springframework.web.filter.OncePerRequestFilter.doFilter(OncePerRequestFilter.java:116)
	at org.apache.catalina.core.ApplicationFilterChain.internalDoFilter(ApplicationFilterChain.java:174)
	at org.apache.catalina.core.ApplicationFilterChain.doFilter(ApplicationFilterChain.java:149)
	at org.springframework.web.filter.ServerHttpObservationFilter.doFilterInternal(ServerHttpObservationFilter.java:109)
	at org.springframework.web.filter.OncePerRequestFilter.doFilter(OncePerRequestFilter.java:116)
	at org.apache.catalina.core.ApplicationFilterChain.internalDoFilter(ApplicationFilterChain.java:174)
	at org.apache.catalina.core.ApplicationFilterChain.doFilter(ApplicationFilterChain.java:149)
	at org.springframework.web.filter.CharacterEncodingFilter.doFilterInternal(CharacterEncodingFilter.java:201)
	at org.springframework.web.filter.OncePerRequestFilter.doFilter(OncePerRequestFilter.java:116)
	at org.apache.catalina.core.ApplicationFilterChain.internalDoFilter(ApplicationFilterChain.java:174)
	at org.apache.catalina.core.ApplicationFilterChain.doFilter(ApplicationFilterChain.java:149)
	at org.apache.catalina.core.StandardWrapperValve.invoke(StandardWrapperValve.java:167)
	at org.apache.catalina.core.StandardContextValve.invoke(StandardContextValve.java:90)
	at org.apache.catalina.authenticator.AuthenticatorBase.invoke(AuthenticatorBase.java:482)
	at org.apache.catalina.core.StandardHostValve.invoke(StandardHostValve.java:115)
	at org.apache.catalina.valves.ErrorReportValve.invoke(ErrorReportValve.java:93)
	at org.apache.catalina.core.StandardEngineValve.invoke(StandardEngineValve.java:74)
	at org.apache.catalina.connector.CoyoteAdapter.service(CoyoteAdapter.java:340)
	at org.apache.coyote.http11.Http11Processor.service(Http11Processor.java:391)
	at org.apache.coyote.AbstractProcessorLight.process(AbstractProcessorLight.java:63)
	at org.apache.coyote.AbstractProtocol$ConnectionHandler.process(AbstractProtocol.java:896)
	at org.apache.tomcat.util.net.NioEndpoint$SocketProcessor.doRun(NioEndpoint.java:1744)
	at org.apache.tomcat.util.net.SocketProcessorBase.run(SocketProcessorBase.java:52)
	at org.apache.tomcat.util.threads.ThreadPoolExecutor.runWorker(ThreadPoolExecutor.java:1191)
	at org.apache.tomcat.util.threads.ThreadPoolExecutor$Worker.run(ThreadPoolExecutor.java:659)
	at org.apache.tomcat.util.threads.TaskThread$WrappingRunnable.run(TaskThread.java:61)
	at java.base/java.lang.Thread.run(Thread.java:1447)
Exception in thread "http-nio-0.0.0.0-8081-exec-5" java.lang.NoClassDefFoundError: ch/qos/logback/classic/spi/ThrowableProxy
	at ch.qos.logback.classic.spi.LoggingEvent.<init>(LoggingEvent.java:143)
	at ch.qos.logback.classic.Logger.buildLoggingEventAndAppend(Logger.java:424)
	at ch.qos.logback.classic.Logger.filterAndLog_0_Or3Plus(Logger.java:386)
	at ch.qos.logback.classic.Logger.log(Logger.java:780)
	at org.slf4j.bridge.SLF4JBridgeHandler.callLocationAwareLogger(SLF4JBridgeHandler.java:232)
	at org.slf4j.bridge.SLF4JBridgeHandler.publish(SLF4JBridgeHandler.java:313)
	at java.logging/java.util.logging.Logger.log(Logger.java:962)
	at java.logging/java.util.logging.Logger.doLog(Logger.java:989)
	at java.logging/java.util.logging.Logger.logp(Logger.java:1266)
	at org.apache.juli.logging.DirectJDKLog.log(DirectJDKLog.java:175)
	at org.apache.juli.logging.DirectJDKLog.error(DirectJDKLog.java:141)
	at org.apache.tomcat.util.net.NioEndpoint$SocketProcessor.doRun(NioEndpoint.java:1762)
	at org.apache.tomcat.util.net.SocketProcessorBase.run(SocketProcessorBase.java:52)
	at org.apache.tomcat.util.threads.ThreadPoolExecutor.runWorker(ThreadPoolExecutor.java:1191)
	at org.apache.tomcat.util.threads.ThreadPoolExecutor$Worker.run(ThreadPoolExecutor.java:659)
	at org.apache.tomcat.util.threads.TaskThread$WrappingRunnable.run(TaskThread.java:61)
	at java.base/java.lang.Thread.run(Thread.java:1447)
Caused by: java.lang.ClassNotFoundException: ch.qos.logback.classic.spi.ThrowableProxy
	... 17 more
java.util.zip.ZipException: ZipFile closed
	at org.springframework.boot.loader.jar.NestedJarFile$JarEntryInputStream.ensureOpen(NestedJarFile.java:758)
	at org.springframework.boot.loader.jar.NestedJarFile$JarEntryInputStream.read(NestedJarFile.java:713)
	at java.base/java.util.zip.InflaterInputStream.fill(InflaterInputStream.java:272)
	at org.springframework.boot.loader.jar.ZipInflaterInputStream.fill(ZipInflaterInputStream.java:67)
	at java.base/java.util.zip.InflaterInputStream.read(InflaterInputStream.java:176)
	at org.springframework.boot.loader.jar.ZipInflaterInputStream.read(ZipInflaterInputStream.java:57)
	at org.springframework.boot.loader.net.protocol.jar.LazyDelegatingInputStream.read(LazyDelegatingInputStream.java:43)
	at java.base/java.io.FilterInputStream.read(FilterInputStream.java:119)
	at java.base/java.io.PushbackInputStream.read(PushbackInputStream.java:185)
	at java.base/java.util.zip.ZipInputStream.readFully(ZipInputStream.java:696)
	at java.base/java.util.zip.ZipInputStream.readLOC(ZipInputStream.java:498)
	at java.base/java.util.zip.ZipInputStream.getNextEntry(ZipInputStream.java:158)
	at org.h2.util.Utils.loadResource(Utils.java:412)
	at org.h2.util.Utils.getResource(Utils.java:392)
	at org.h2.server.web.WebServer.getFile(WebServer.java:199)
	at org.h2.server.web.JakartaWebServlet.doGet(JakartaWebServlet.java:139)
	at org.h2.server.web.JakartaWebServlet.doPost(JakartaWebServlet.java:166)
	at jakarta.servlet.http.HttpServlet.service(HttpServlet.java:590)
	at jakarta.servlet.http.HttpServlet.service(HttpServlet.java:658)
	at org.apache.catalina.core.ApplicationFilterChain.internalDoFilter(ApplicationFilterChain.java:205)
	at org.apache.catalina.core.ApplicationFilterChain.doFilter(ApplicationFilterChain.java:149)
	at org.apache.tomcat.websocket.server.WsFilter.doFilter(WsFilter.java:51)
	at org.apache.catalina.core.ApplicationFilterChain.internalDoFilter(ApplicationFilterChain.java:174)
	at org.apache.catalina.core.ApplicationFilterChain.doFilter(ApplicationFilterChain.java:149)
	at org.springframework.security.web.FilterChainProxy.lambda$doFilterInternal$3(FilterChainProxy.java:231)
	at org.springframework.security.web.ObservationFilterChainDecorator$FilterObservation$SimpleFilterObservation.lambda$wrap$1(ObservationFilterChainDecorator.java:479)
	at org.springframework.security.web.ObservationFilterChainDecorator$AroundFilterObservation$SimpleAroundFilterObservation.lambda$wrap$1(ObservationFilterChainDecorator.java:340)
	at org.springframework.security.web.ObservationFilterChainDecorator.lambda$wrapSecured$0(ObservationFilterChainDecorator.java:82)
	at org.springframework.security.web.ObservationFilterChainDecorator$VirtualFilterChain.doFilter(ObservationFilterChainDecorator.java:128)
	at org.springframework.security.web.access.intercept.AuthorizationFilter.doFilter(AuthorizationFilter.java:100)
	at org.springframework.security.web.ObservationFilterChainDecorator$ObservationFilter.wrapFilter(ObservationFilterChainDecorator.java:240)
	at org.springframework.security.web.ObservationFilterChainDecorator$ObservationFilter.doFilter(ObservationFilterChainDecorator.java:227)
	at org.springframework.security.web.ObservationFilterChainDecorator$VirtualFilterChain.doFilter(ObservationFilterChainDecorator.java:137)
	at org.springframework.security.web.access.ExceptionTranslationFilter.doFilter(ExceptionTranslationFilter.java:126)
	at org.springframework.security.web.access.ExceptionTranslationFilter.doFilter(ExceptionTranslationFilter.java:120)
	at org.springframework.security.web.ObservationFilterChainDecorator$ObservationFilter.wrapFilter(ObservationFilterChainDecorator.java:240)
	at org.springframework.security.web.ObservationFilterChainDecorator$ObservationFilter.doFilter(ObservationFilterChainDecorator.java:227)
	at org.springframework.security.web.ObservationFilterChainDecorator$VirtualFilterChain.doFilter(ObservationFilterChainDecorator.java:137)
	at org.springframework.security.web.authentication.AnonymousAuthenticationFilter.doFilter(AnonymousAuthenticationFilter.java:100)
	at org.springframework.security.web.ObservationFilterChainDecorator$ObservationFilter.wrapFilter(ObservationFilterChainDecorator.java:240)
	at org.springframework.security.web.ObservationFilterChainDecorator$ObservationFilter.doFilter(ObservationFilterChainDecorator.java:227)
	at org.springframework.security.web.ObservationFilterChainDecorator$VirtualFilterChain.doFilter(ObservationFilterChainDecorator.java:137)
	at org.springframework.security.web.servletapi.SecurityContextHolderAwareRequestFilter.doFilter(SecurityContextHolderAwareRequestFilter.java:179)
	at org.springframework.security.web.ObservationFilterChainDecorator$ObservationFilter.wrapFilter(ObservationFilterChainDecorator.java:240)
	at org.springframework.security.web.ObservationFilterChainDecorator$ObservationFilter.doFilter(ObservationFilterChainDecorator.java:227)
	at org.springframework.security.web.ObservationFilterChainDecorator$VirtualFilterChain.doFilter(ObservationFilterChainDecorator.java:137)
	at org.springframework.security.web.savedrequest.RequestCacheAwareFilter.doFilter(RequestCacheAwareFilter.java:63)
	at org.springframework.security.web.ObservationFilterChainDecorator$ObservationFilter.wrapFilter(ObservationFilterChainDecorator.java:240)
	at org.springframework.security.web.ObservationFilterChainDecorator$ObservationFilter.doFilter(ObservationFilterChainDecorator.java:227)
	at org.springframework.security.web.ObservationFilterChainDecorator$VirtualFilterChain.doFilter(ObservationFilterChainDecorator.java:137)
	at org.springframework.security.web.authentication.www.BasicAuthenticationFilter.doFilterInternal(BasicAuthenticationFilter.java:181)
	at org.springframework.web.filter.OncePerRequestFilter.doFilter(OncePerRequestFilter.java:116)
	at org.springframework.security.web.ObservationFilterChainDecorator$ObservationFilter.wrapFilter(ObservationFilterChainDecorator.java:240)
	at org.springframework.security.web.ObservationFilterChainDecorator$ObservationFilter.doFilter(ObservationFilterChainDecorator.java:227)
	at org.springframework.security.web.ObservationFilterChainDecorator$VirtualFilterChain.doFilter(ObservationFilterChainDecorator.java:137)
	at org.springframework.security.web.authentication.logout.LogoutFilter.doFilter(LogoutFilter.java:107)
	at org.springframework.security.web.authentication.logout.LogoutFilter.doFilter(LogoutFilter.java:93)
	at org.springframework.security.web.ObservationFilterChainDecorator$ObservationFilter.wrapFilter(ObservationFilterChainDecorator.java:240)
	at org.springframework.security.web.ObservationFilterChainDecorator$ObservationFilter.doFilter(ObservationFilterChainDecorator.java:227)
	at org.springframework.security.web.ObservationFilterChainDecorator$VirtualFilterChain.doFilter(ObservationFilterChainDecorator.java:137)
	at org.springframework.web.filter.CorsFilter.doFilterInternal(CorsFilter.java:91)
	at org.springframework.web.filter.OncePerRequestFilter.doFilter(OncePerRequestFilter.java:116)
	at org.springframework.security.web.ObservationFilterChainDecorator$ObservationFilter.wrapFilter(ObservationFilterChainDecorator.java:240)
	at org.springframework.security.web.ObservationFilterChainDecorator$ObservationFilter.doFilter(ObservationFilterChainDecorator.java:227)
	at org.springframework.security.web.ObservationFilterChainDecorator$VirtualFilterChain.doFilter(ObservationFilterChainDecorator.java:137)
	at org.springframework.security.web.header.HeaderWriterFilter.doHeadersAfter(HeaderWriterFilter.java:90)
	at org.springframework.security.web.header.HeaderWriterFilter.doFilterInternal(HeaderWriterFilter.java:75)
	at org.springframework.web.filter.OncePerRequestFilter.doFilter(OncePerRequestFilter.java:116)
	at org.springframework.security.web.ObservationFilterChainDecorator$ObservationFilter.wrapFilter(ObservationFilterChainDecorator.java:240)
	at org.springframework.security.web.ObservationFilterChainDecorator$ObservationFilter.doFilter(ObservationFilterChainDecorator.java:227)
	at org.springframework.security.web.ObservationFilterChainDecorator$VirtualFilterChain.doFilter(ObservationFilterChainDecorator.java:137)
	at org.springframework.security.web.context.SecurityContextHolderFilter.doFilter(SecurityContextHolderFilter.java:82)
	at org.springframework.security.web.context.SecurityContextHolderFilter.doFilter(SecurityContextHolderFilter.java:69)
	at org.springframework.security.web.ObservationFilterChainDecorator$ObservationFilter.wrapFilter(ObservationFilterChainDecorator.java:240)
	at org.springframework.security.web.ObservationFilterChainDecorator$ObservationFilter.doFilter(ObservationFilterChainDecorator.java:227)
	at org.springframework.security.web.ObservationFilterChainDecorator$VirtualFilterChain.doFilter(ObservationFilterChainDecorator.java:137)
	at org.springframework.security.web.context.request.async.WebAsyncManagerIntegrationFilter.doFilterInternal(WebAsyncManagerIntegrationFilter.java:62)
	at org.springframework.web.filter.OncePerRequestFilter.doFilter(OncePerRequestFilter.java:116)
	at org.springframework.security.web.ObservationFilterChainDecorator$ObservationFilter.wrapFilter(ObservationFilterChainDecorator.java:240)
	at org.springframework.security.web.ObservationFilterChainDecorator$ObservationFilter.doFilter(ObservationFilterChainDecorator.java:227)
	at org.springframework.security.web.ObservationFilterChainDecorator$VirtualFilterChain.doFilter(ObservationFilterChainDecorator.java:137)
	at org.springframework.security.web.session.DisableEncodeUrlFilter.doFilterInternal(DisableEncodeUrlFilter.java:42)
	at org.springframework.web.filter.OncePerRequestFilter.doFilter(OncePerRequestFilter.java:116)
	at org.springframework.security.web.ObservationFilterChainDecorator$ObservationFilter.wrapFilter(ObservationFilterChainDecorator.java:240)
	at org.springframework.security.web.ObservationFilterChainDecorator$AroundFilterObservation$SimpleAroundFilterObservation.lambda$wrap$0(ObservationFilterChainDecorator.java:323)
	at org.springframework.security.web.ObservationFilterChainDecorator$ObservationFilter.doFilter(ObservationFilterChainDecorator.java:224)
	at org.springframework.security.web.ObservationFilterChainDecorator$VirtualFilterChain.doFilter(ObservationFilterChainDecorator.java:137)
	at org.springframework.security.web.FilterChainProxy.doFilterInternal(FilterChainProxy.java:233)
	at org.springframework.security.web.FilterChainProxy.doFilter(FilterChainProxy.java:191)
	at org.springframework.web.filter.DelegatingFilterProxy.invokeDelegate(DelegatingFilterProxy.java:352)
	at org.springframework.web.filter.DelegatingFilterProxy.doFilter(DelegatingFilterProxy.java:268)
	at org.apache.catalina.core.ApplicationFilterChain.internalDoFilter(ApplicationFilterChain.java:174)
	at org.apache.catalina.core.ApplicationFilterChain.doFilter(ApplicationFilterChain.java:149)
	at org.springframework.web.filter.RequestContextFilter.doFilterInternal(RequestContextFilter.java:100)
	at org.springframework.web.filter.OncePerRequestFilter.doFilter(OncePerRequestFilter.java:116)
	at org.apache.catalina.core.ApplicationFilterChain.internalDoFilter(ApplicationFilterChain.java:174)
	at org.apache.catalina.core.ApplicationFilterChain.doFilter(ApplicationFilterChain.java:149)
	at org.springframework.web.filter.FormContentFilter.doFilterInternal(FormContentFilter.java:93)
	at org.springframework.web.filter.OncePerRequestFilter.doFilter(OncePerRequestFilter.java:116)
	at org.apache.catalina.core.ApplicationFilterChain.internalDoFilter(ApplicationFilterChain.java:174)
	at org.apache.catalina.core.ApplicationFilterChain.doFilter(ApplicationFilterChain.java:149)
	at org.springframework.web.filter.ServerHttpObservationFilter.doFilterInternal(ServerHttpObservationFilter.java:109)
	at org.springframework.web.filter.OncePerRequestFilter.doFilter(OncePerRequestFilter.java:116)
	at org.apache.catalina.core.ApplicationFilterChain.internalDoFilter(ApplicationFilterChain.java:174)
	at org.apache.catalina.core.ApplicationFilterChain.doFilter(ApplicationFilterChain.java:149)
	at org.springframework.web.filter.CharacterEncodingFilter.doFilterInternal(CharacterEncodingFilter.java:201)
	at org.springframework.web.filter.OncePerRequestFilter.doFilter(OncePerRequestFilter.java:116)
	at org.apache.catalina.core.ApplicationFilterChain.internalDoFilter(ApplicationFilterChain.java:174)
	at org.apache.catalina.core.ApplicationFilterChain.doFilter(ApplicationFilterChain.java:149)
	at org.apache.catalina.core.StandardWrapperValve.invoke(StandardWrapperValve.java:167)
	at org.apache.catalina.core.StandardContextValve.invoke(StandardContextValve.java:90)
	at org.apache.catalina.authenticator.AuthenticatorBase.invoke(AuthenticatorBase.java:482)
	at org.apache.catalina.core.StandardHostValve.invoke(StandardHostValve.java:115)
	at org.apache.catalina.valves.ErrorReportValve.invoke(ErrorReportValve.java:93)
	at org.apache.catalina.core.StandardEngineValve.invoke(StandardEngineValve.java:74)
	at org.apache.catalina.connector.CoyoteAdapter.service(CoyoteAdapter.java:340)
	at org.apache.coyote.http11.Http11Processor.service(Http11Processor.java:391)
	at org.apache.coyote.AbstractProcessorLight.process(AbstractProcessorLight.java:63)
	at org.apache.coyote.AbstractProtocol$ConnectionHandler.process(AbstractProtocol.java:896)
	at org.apache.tomcat.util.net.NioEndpoint$SocketProcessor.doRun(NioEndpoint.java:1744)
	at org.apache.tomcat.util.net.SocketProcessorBase.run(SocketProcessorBase.java:52)
	at org.apache.tomcat.util.threads.ThreadPoolExecutor.runWorker(ThreadPoolExecutor.java:1191)
	at org.apache.tomcat.util.threads.ThreadPoolExecutor$Worker.run(ThreadPoolExecutor.java:659)
	at org.apache.tomcat.util.threads.TaskThread$WrappingRunnable.run(TaskThread.java:61)
	at java.base/java.lang.Thread.run(Thread.java:1447)
Exception in thread "http-nio-0.0.0.0-8081-exec-3" java.lang.NoClassDefFoundError: ch/qos/logback/classic/spi/ThrowableProxy
	at ch.qos.logback.classic.spi.LoggingEvent.<init>(LoggingEvent.java:143)
	at ch.qos.logback.classic.Logger.buildLoggingEventAndAppend(Logger.java:424)
	at ch.qos.logback.classic.Logger.filterAndLog_0_Or3Plus(Logger.java:386)
	at ch.qos.logback.classic.Logger.log(Logger.java:780)
	at org.slf4j.bridge.SLF4JBridgeHandler.callLocationAwareLogger(SLF4JBridgeHandler.java:232)
	at org.slf4j.bridge.SLF4JBridgeHandler.publish(SLF4JBridgeHandler.java:313)
	at java.logging/java.util.logging.Logger.log(Logger.java:962)
	at java.logging/java.util.logging.Logger.doLog(Logger.java:989)
	at java.logging/java.util.logging.Logger.logp(Logger.java:1266)
	at org.apache.juli.logging.DirectJDKLog.log(DirectJDKLog.java:175)
	at org.apache.juli.logging.DirectJDKLog.error(DirectJDKLog.java:141)
	at org.apache.tomcat.util.net.NioEndpoint$SocketProcessor.doRun(NioEndpoint.java:1762)
	at org.apache.tomcat.util.net.SocketProcessorBase.run(SocketProcessorBase.java:52)
	at org.apache.tomcat.util.threads.ThreadPoolExecutor.runWorker(ThreadPoolExecutor.java:1191)
	at org.apache.tomcat.util.threads.ThreadPoolExecutor$Worker.run(ThreadPoolExecutor.java:659)
	at org.apache.tomcat.util.threads.TaskThread$WrappingRunnable.run(TaskThread.java:61)
	at java.base/java.lang.Thread.run(Thread.java:1447)
Caused by: java.lang.ClassNotFoundException: ch.qos.logback.classic.spi.ThrowableProxy
	... 17 more
[2m2025-08-11T13:10:19.513+02:00[0;39m [33m WARN[0;39m [35m38185[0;39m [2m---[0;39m [2m[clenzy] [l-1 housekeeper][0;39m [2m[0;39m[36mcom.zaxxer.hikari.pool.HikariPool       [0;39m [2m:[0;39m HikariPool-1 - Thread starvation or clock leap detected (housekeeper delta=2m4s823ms).
[2m2025-08-11T13:15:08.527+02:00[0;39m [33m WARN[0;39m [35m38185[0;39m [2m---[0;39m [2m[clenzy] [l-1 housekeeper][0;39m [2m[0;39m[36mcom.zaxxer.hikari.pool.HikariPool       [0;39m [2m:[0;39m HikariPool-1 - Thread starvation or clock leap detected (housekeeper delta=4m18s998ms).
[2m2025-08-11T13:44:27.260+02:00[0;39m [33m WARN[0;39m [35m38185[0;39m [2m---[0;39m [2m[clenzy] [l-1 housekeeper][0;39m [2m[0;39m[36mcom.zaxxer.hikari.pool.HikariPool       [0;39m [2m:[0;39m HikariPool-1 - Thread starvation or clock leap detected (housekeeper delta=29m18s732ms).
[2m2025-08-11T14:00:27.162+02:00[0;39m [33m WARN[0;39m [35m38185[0;39m [2m---[0;39m [2m[clenzy] [l-1 housekeeper][0;39m [2m[0;39m[36mcom.zaxxer.hikari.pool.HikariPool       [0;39m [2m:[0;39m HikariPool-1 - Retrograde clock change detected (housekeeper delta=29s746ms), soft-evicting connections from pool.
Exception in thread "http-nio-0.0.0.0-8081-exec-8" java.lang.NoClassDefFoundError: ch/qos/logback/classic/spi/ThrowableProxy
	at ch.qos.logback.classic.spi.LoggingEvent.<init>(LoggingEvent.java:143)
	at ch.qos.logback.classic.Logger.buildLoggingEventAndAppend(Logger.java:424)
	at ch.qos.logback.classic.Logger.filterAndLog_0_Or3Plus(Logger.java:386)
	at ch.qos.logback.classic.Logger.log(Logger.java:780)
	at org.slf4j.bridge.SLF4JBridgeHandler.callLocationAwareLogger(SLF4JBridgeHandler.java:232)
	at org.slf4j.bridge.SLF4JBridgeHandler.publish(SLF4JBridgeHandler.java:313)
	at java.logging/java.util.logging.Logger.log(Logger.java:962)
	at java.logging/java.util.logging.Logger.doLog(Logger.java:989)
	at java.logging/java.util.logging.Logger.logp(Logger.java:1266)
	at org.apache.juli.logging.DirectJDKLog.log(DirectJDKLog.java:175)
	at org.apache.juli.logging.DirectJDKLog.error(DirectJDKLog.java:141)
	at org.apache.tomcat.util.net.NioEndpoint$SocketProcessor.doRun(NioEndpoint.java:1762)
	at org.apache.tomcat.util.net.SocketProcessorBase.run(SocketProcessorBase.java:52)
	at org.apache.tomcat.util.threads.ThreadPoolExecutor.runWorker(ThreadPoolExecutor.java:1191)
	at org.apache.tomcat.util.threads.ThreadPoolExecutor$Worker.run(ThreadPoolExecutor.java:659)
	at org.apache.tomcat.util.threads.TaskThread$WrappingRunnable.run(TaskThread.java:61)
	at java.base/java.lang.Thread.run(Thread.java:1447)
Caused by: java.lang.ClassNotFoundException: ch.qos.logback.classic.spi.ThrowableProxy
	... 17 more
Exception in thread "http-nio-0.0.0.0-8081-exec-4" java.lang.NoClassDefFoundError: ch/qos/logback/classic/spi/ThrowableProxy
	at ch.qos.logback.classic.spi.LoggingEvent.<init>(LoggingEvent.java:143)
	at ch.qos.logback.classic.Logger.buildLoggingEventAndAppend(Logger.java:424)
	at ch.qos.logback.classic.Logger.filterAndLog_0_Or3Plus(Logger.java:386)
	at ch.qos.logback.classic.Logger.log(Logger.java:780)
	at org.slf4j.bridge.SLF4JBridgeHandler.callLocationAwareLogger(SLF4JBridgeHandler.java:232)
	at org.slf4j.bridge.SLF4JBridgeHandler.publish(SLF4JBridgeHandler.java:313)
	at java.logging/java.util.logging.Logger.log(Logger.java:962)
	at java.logging/java.util.logging.Logger.doLog(Logger.java:989)
	at java.logging/java.util.logging.Logger.logp(Logger.java:1266)
	at org.apache.juli.logging.DirectJDKLog.log(DirectJDKLog.java:175)
	at org.apache.juli.logging.DirectJDKLog.error(DirectJDKLog.java:141)
	at org.apache.tomcat.util.net.NioEndpoint$SocketProcessor.doRun(NioEndpoint.java:1762)
	at org.apache.tomcat.util.net.SocketProcessorBase.run(SocketProcessorBase.java:52)
	at org.apache.tomcat.util.threads.ThreadPoolExecutor.runWorker(ThreadPoolExecutor.java:1191)
	at org.apache.tomcat.util.threads.ThreadPoolExecutor$Worker.run(ThreadPoolExecutor.java:659)
	at org.apache.tomcat.util.threads.TaskThread$WrappingRunnable.run(TaskThread.java:61)
	at java.base/java.lang.Thread.run(Thread.java:1447)
Caused by: java.lang.ClassNotFoundException: ch.qos.logback.classic.spi.ThrowableProxy
	... 17 more
Exception in thread "http-nio-0.0.0.0-8081-exec-1" java.lang.NoClassDefFoundError: ch/qos/logback/classic/spi/ThrowableProxy
	at ch.qos.logback.classic.spi.LoggingEvent.<init>(LoggingEvent.java:143)
	at ch.qos.logback.classic.Logger.buildLoggingEventAndAppend(Logger.java:424)
	at ch.qos.logback.classic.Logger.filterAndLog_0_Or3Plus(Logger.java:386)
	at ch.qos.logback.classic.Logger.log(Logger.java:780)
	at org.slf4j.bridge.SLF4JBridgeHandler.callLocationAwareLogger(SLF4JBridgeHandler.java:232)
	at org.slf4j.bridge.SLF4JBridgeHandler.publish(SLF4JBridgeHandler.java:313)
	at java.logging/java.util.logging.Logger.log(Logger.java:962)
	at java.logging/java.util.logging.Logger.doLog(Logger.java:989)
	at java.logging/java.util.logging.Logger.logp(Logger.java:1266)
	at org.apache.juli.logging.DirectJDKLog.log(DirectJDKLog.java:175)
	at org.apache.juli.logging.DirectJDKLog.error(DirectJDKLog.java:141)
	at org.apache.tomcat.util.net.NioEndpoint$SocketProcessor.doRun(NioEndpoint.java:1762)
	at org.apache.tomcat.util.net.SocketProcessorBase.run(SocketProcessorBase.java:52)
	at org.apache.tomcat.util.threads.ThreadPoolExecutor.runWorker(ThreadPoolExecutor.java:1191)
	at org.apache.tomcat.util.threads.ThreadPoolExecutor$Worker.run(ThreadPoolExecutor.java:659)
	at org.apache.tomcat.util.threads.TaskThread$WrappingRunnable.run(TaskThread.java:61)
	at java.base/java.lang.Thread.run(Thread.java:1447)
Caused by: java.lang.ClassNotFoundException: ch.qos.logback.classic.spi.ThrowableProxy
	... 17 more
Exception in thread "http-nio-0.0.0.0-8081-exec-9" java.lang.NoClassDefFoundError: ch/qos/logback/classic/spi/ThrowableProxy
	at ch.qos.logback.classic.spi.LoggingEvent.<init>(LoggingEvent.java:143)
	at ch.qos.logback.classic.Logger.buildLoggingEventAndAppend(Logger.java:424)
	at ch.qos.logback.classic.Logger.filterAndLog_0_Or3Plus(Logger.java:386)
	at ch.qos.logback.classic.Logger.log(Logger.java:780)
	at org.slf4j.bridge.SLF4JBridgeHandler.callLocationAwareLogger(SLF4JBridgeHandler.java:232)
	at org.slf4j.bridge.SLF4JBridgeHandler.publish(SLF4JBridgeHandler.java:313)
	at java.logging/java.util.logging.Logger.log(Logger.java:962)
	at java.logging/java.util.logging.Logger.doLog(Logger.java:989)
	at java.logging/java.util.logging.Logger.logp(Logger.java:1266)
	at org.apache.juli.logging.DirectJDKLog.log(DirectJDKLog.java:175)
	at org.apache.juli.logging.DirectJDKLog.error(DirectJDKLog.java:141)
	at org.apache.tomcat.util.net.NioEndpoint$SocketProcessor.doRun(NioEndpoint.java:1762)
	at org.apache.tomcat.util.net.SocketProcessorBase.run(SocketProcessorBase.java:52)
	at org.apache.tomcat.util.threads.ThreadPoolExecutor.runWorker(ThreadPoolExecutor.java:1191)
	at org.apache.tomcat.util.threads.ThreadPoolExecutor$Worker.run(ThreadPoolExecutor.java:659)
	at org.apache.tomcat.util.threads.TaskThread$WrappingRunnable.run(TaskThread.java:61)
	at java.base/java.lang.Thread.run(Thread.java:1447)
Caused by: java.lang.ClassNotFoundException: ch.qos.logback.classic.spi.ThrowableProxy
	... 17 more
[2m2025-08-11T16:33:28.596+02:00[0;39m [33m WARN[0;39m [35m38185[0;39m [2m---[0;39m [2m[clenzy] [l-1 housekeeper][0;39m [2m[0;39m[36mcom.zaxxer.hikari.pool.HikariPool       [0;39m [2m:[0;39m HikariPool-1 - Retrograde clock change detected (housekeeper delta=29s851ms), soft-evicting connections from pool.
[2m2025-08-11T16:48:28.490+02:00[0;39m [33m WARN[0;39m [35m38185[0;39m [2m---[0;39m [2m[clenzy] [l-1 housekeeper][0;39m [2m[0;39m[36mcom.zaxxer.hikari.pool.HikariPool       [0;39m [2m:[0;39m HikariPool-1 - Retrograde clock change detected (housekeeper delta=29s772ms), soft-evicting connections from pool.
[2m2025-08-11T18:46:54.754+02:00[0;39m [33m WARN[0;39m [35m38185[0;39m [2m---[0;39m [2m[clenzy] [l-1 housekeeper][0;39m [2m[0;39m[36mcom.zaxxer.hikari.pool.HikariPool       [0;39m [2m:[0;39m HikariPool-1 - Thread starvation or clock leap detected (housekeeper delta=35m55s395ms).
[2m2025-08-11T19:49:54.977+02:00[0;39m [33m WARN[0;39m [35m38185[0;39m [2m---[0;39m [2m[clenzy] [l-1 housekeeper][0;39m [2m[0;39m[36mcom.zaxxer.hikari.pool.HikariPool       [0;39m [2m:[0;39m HikariPool-1 - Thread starvation or clock leap detected (housekeeper delta=1h3m228ms).
[2m2025-08-11T20:18:05.477+02:00[0;39m [33m WARN[0;39m [35m38185[0;39m [2m---[0;39m [2m[clenzy] [l-1 housekeeper][0;39m [2m[0;39m[36mcom.zaxxer.hikari.pool.HikariPool       [0;39m [2m:[0;39m HikariPool-1 - Thread starvation or clock leap detected (housekeeper delta=28m10s501ms).
[2m2025-08-11T20:27:35.328+02:00[0;39m [33m WARN[0;39m [35m38185[0;39m [2m---[0;39m [2m[clenzy] [l-1 housekeeper][0;39m [2m[0;39m[36mcom.zaxxer.hikari.pool.HikariPool       [0;39m [2m:[0;39m HikariPool-1 - Retrograde clock change detected (housekeeper delta=29s765ms), soft-evicting connections from pool.
[2m2025-08-11T20:42:35.310+02:00[0;39m [33m WARN[0;39m [35m38185[0;39m [2m---[0;39m [2m[clenzy] [l-1 housekeeper][0;39m [2m[0;39m[36mcom.zaxxer.hikari.pool.HikariPool       [0;39m [2m:[0;39m HikariPool-1 - Retrograde clock change detected (housekeeper delta=29s834ms), soft-evicting connections from pool.
[2m2025-08-11T21:18:27.878+02:00[0;39m [33m WARN[0;39m [35m38185[0;39m [2m---[0;39m [2m[clenzy] [l-1 housekeeper][0;39m [2m[0;39m[36mcom.zaxxer.hikari.pool.HikariPool       [0;39m [2m:[0;39m HikariPool-1 - Thread starvation or clock leap detected (housekeeper delta=1m19s755ms).
[2m2025-08-11T21:19:54.641+02:00[0;39m [33m WARN[0;39m [35m38185[0;39m [2m---[0;39m [2m[clenzy] [l-1 housekeeper][0;39m [2m[0;39m[36mcom.zaxxer.hikari.pool.HikariPool       [0;39m [2m:[0;39m HikariPool-1 - Thread starvation or clock leap detected (housekeeper delta=1m26s764ms).
[2m2025-08-11T21:41:22.300+02:00[0;39m [33m WARN[0;39m [35m38185[0;39m [2m---[0;39m [2m[clenzy] [l-1 housekeeper][0;39m [2m[0;39m[36mcom.zaxxer.hikari.pool.HikariPool       [0;39m [2m:[0;39m HikariPool-1 - Thread starvation or clock leap detected (housekeeper delta=51s518ms).
[2m2025-08-11T22:57:54.684+02:00[0;39m [33m WARN[0;39m [35m38185[0;39m [2m---[0;39m [2m[clenzy] [l-1 housekeeper][0;39m [2m[0;39m[36mcom.zaxxer.hikari.pool.HikariPool       [0;39m [2m:[0;39m HikariPool-1 - Thread starvation or clock leap detected (housekeeper delta=1h7m40s838ms).
[2m2025-08-11T23:54:12.314+02:00[0;39m [33m WARN[0;39m [35m38185[0;39m [2m---[0;39m [2m[clenzy] [l-1 housekeeper][0;39m [2m[0;39m[36mcom.zaxxer.hikari.pool.HikariPool       [0;39m [2m:[0;39m HikariPool-1 - Thread starvation or clock leap detected (housekeeper delta=56m17s625ms).
[2m2025-08-12T00:39:07.197+02:00[0;39m [33m WARN[0;39m [35m38185[0;39m [2m---[0;39m [2m[clenzy] [l-1 housekeeper][0;39m [2m[0;39m[36mcom.zaxxer.hikari.pool.HikariPool       [0;39m [2m:[0;39m HikariPool-1 - Thread starvation or clock leap detected (housekeeper delta=44m54s887ms).
[2m2025-08-12T00:42:19.743+02:00[0;39m [33m WARN[0;39m [35m38185[0;39m [2m---[0;39m [2m[clenzy] [l-1 housekeeper][0;39m [2m[0;39m[36mcom.zaxxer.hikari.pool.HikariPool       [0;39m [2m:[0;39m HikariPool-1 - Thread starvation or clock leap detected (housekeeper delta=3m12s546ms).
[2m2025-08-12T00:43:27.270+02:00[0;39m [33m WARN[0;39m [35m38185[0;39m [2m---[0;39m [2m[clenzy] [l-1 housekeeper][0;39m [2m[0;39m[36mcom.zaxxer.hikari.pool.HikariPool       [0;39m [2m:[0;39m HikariPool-1 - Retrograde clock change detected (housekeeper delta=29s266ms), soft-evicting connections from pool.
[2m2025-08-12T00:44:15.441+02:00[0;39m [33m WARN[0;39m [35m38185[0;39m [2m---[0;39m [2m[clenzy] [l-1 housekeeper][0;39m [2m[0;39m[36mcom.zaxxer.hikari.pool.HikariPool       [0;39m [2m:[0;39m HikariPool-1 - Thread starvation or clock leap detected (housekeeper delta=48s171ms).
[2m2025-08-12T00:49:18.670+02:00[0;39m [33m WARN[0;39m [35m38185[0;39m [2m---[0;39m [2m[clenzy] [l-1 housekeeper][0;39m [2m[0;39m[36mcom.zaxxer.hikari.pool.HikariPool       [0;39m [2m:[0;39m HikariPool-1 - Thread starvation or clock leap detected (housekeeper delta=1m13s128ms).
[2m2025-08-12T00:50:41.885+02:00[0;39m [33m WARN[0;39m [35m38185[0;39m [2m---[0;39m [2m[clenzy] [l-1 housekeeper][0;39m [2m[0;39m[36mcom.zaxxer.hikari.pool.HikariPool       [0;39m [2m:[0;39m HikariPool-1 - Thread starvation or clock leap detected (housekeeper delta=51s652ms).
[2m2025-08-12T02:40:56.375+02:00[0;39m [33m WARN[0;39m [35m38185[0;39m [2m---[0;39m [2m[clenzy] [l-1 housekeeper][0;39m [2m[0;39m[36mcom.zaxxer.hikari.pool.HikariPool       [0;39m [2m:[0;39m HikariPool-1 - Thread starvation or clock leap detected (housekeeper delta=17m7s958ms).
[2m2025-08-12T02:59:05.173+02:00[0;39m [33m WARN[0;39m [35m38185[0;39m [2m---[0;39m [2m[clenzy] [l-1 housekeeper][0;39m [2m[0;39m[36mcom.zaxxer.hikari.pool.HikariPool       [0;39m [2m:[0;39m HikariPool-1 - Thread starvation or clock leap detected (housekeeper delta=18m8s761ms).
[2m2025-08-12T03:48:43.327+02:00[0;39m [33m WARN[0;39m [35m38185[0;39m [2m---[0;39m [2m[clenzy] [l-1 housekeeper][0;39m [2m[0;39m[36mcom.zaxxer.hikari.pool.HikariPool       [0;39m [2m:[0;39m HikariPool-1 - Thread starvation or clock leap detected (housekeeper delta=54s137ms).
[2m2025-08-12T03:55:01.094+02:00[0;39m [33m WARN[0;39m [35m38185[0;39m [2m---[0;39m [2m[clenzy] [l-1 housekeeper][0;39m [2m[0;39m[36mcom.zaxxer.hikari.pool.HikariPool       [0;39m [2m:[0;39m HikariPool-1 - Thread starvation or clock leap detected (housekeeper delta=1m10s42ms).
[2m2025-08-12T03:58:38.358+02:00[0;39m [33m WARN[0;39m [35m38185[0;39m [2m---[0;39m [2m[clenzy] [l-1 housekeeper][0;39m [2m[0;39m[36mcom.zaxxer.hikari.pool.HikariPool       [0;39m [2m:[0;39m HikariPool-1 - Thread starvation or clock leap detected (housekeeper delta=3m37s265ms).
[2m2025-08-12T10:29:39.256+02:00[0;39m [33m WARN[0;39m [35m38185[0;39m [2m---[0;39m [2m[clenzy] [l-1 housekeeper][0;39m [2m[0;39m[36mcom.zaxxer.hikari.pool.HikariPool       [0;39m [2m:[0;39m HikariPool-1 - Thread starvation or clock leap detected (housekeeper delta=6h28m24s674ms).
[2m2025-08-12T10:35:00.736+02:00[0;39m [33m WARN[0;39m [35m38185[0;39m [2m---[0;39m [2m[clenzy] [l-1 housekeeper][0;39m [2m[0;39m[36mcom.zaxxer.hikari.pool.HikariPool       [0;39m [2m:[0;39m HikariPool-1 - Thread starvation or clock leap detected (housekeeper delta=48s589ms).
[2m2025-08-12T10:46:12.078+02:00[0;39m [33m WARN[0;39m [35m38185[0;39m [2m---[0;39m [2m[clenzy] [l-1 housekeeper][0;39m [2m[0;39m[36mcom.zaxxer.hikari.pool.HikariPool       [0;39m [2m:[0;39m HikariPool-1 - Retrograde clock change detected (housekeeper delta=29s218ms), soft-evicting connections from pool.
[2m2025-08-12T12:32:55.052+02:00[0;39m [33m WARN[0;39m [35m38185[0;39m [2m---[0;39m [2m[clenzy] [l-1 housekeeper][0;39m [2m[0;39m[36mcom.zaxxer.hikari.pool.HikariPool       [0;39m [2m:[0;39m HikariPool-1 - Thread starvation or clock leap detected (housekeeper delta=55s405ms).
[2m2025-08-12T12:38:52.563+02:00[0;39m [33m WARN[0;39m [35m38185[0;39m [2m---[0;39m [2m[clenzy] [l-1 housekeeper][0;39m [2m[0;39m[36mcom.zaxxer.hikari.pool.HikariPool       [0;39m [2m:[0;39m HikariPool-1 - Thread starvation or clock leap detected (housekeeper delta=51s897ms).
[2m2025-08-12T12:42:52.468+02:00[0;39m [33m WARN[0;39m [35m38185[0;39m [2m---[0;39m [2m[clenzy] [l-1 housekeeper][0;39m [2m[0;39m[36mcom.zaxxer.hikari.pool.HikariPool       [0;39m [2m:[0;39m HikariPool-1 - Thread starvation or clock leap detected (housekeeper delta=52s766ms).
[2m2025-08-12T12:44:42.606+02:00[0;39m [33m WARN[0;39m [35m38185[0;39m [2m---[0;39m [2m[clenzy] [l-1 housekeeper][0;39m [2m[0;39m[36mcom.zaxxer.hikari.pool.HikariPool       [0;39m [2m:[0;39m HikariPool-1 - Thread starvation or clock leap detected (housekeeper delta=47s308ms).
[2m2025-08-12T12:57:39.106+02:00[0;39m [33m WARN[0;39m [35m38185[0;39m [2m---[0;39m [2m[clenzy] [l-1 housekeeper][0;39m [2m[0;39m[36mcom.zaxxer.hikari.pool.HikariPool       [0;39m [2m:[0;39m HikariPool-1 - Thread starvation or clock leap detected (housekeeper delta=53s556ms).
[2m2025-08-12T13:43:15.084+02:00[0;39m [33m WARN[0;39m [35m38185[0;39m [2m---[0;39m [2m[clenzy] [l-1 housekeeper][0;39m [2m[0;39m[36mcom.zaxxer.hikari.pool.HikariPool       [0;39m [2m:[0;39m HikariPool-1 - Thread starvation or clock leap detected (housekeeper delta=15m9s527ms).
[2m2025-08-12T14:30:16.269+02:00[0;39m [33m WARN[0;39m [35m38185[0;39m [2m---[0;39m [2m[clenzy] [l-1 housekeeper][0;39m [2m[0;39m[36mcom.zaxxer.hikari.pool.HikariPool       [0;39m [2m:[0;39m HikariPool-1 - Retrograde clock change detected (housekeeper delta=29s868ms), soft-evicting connections from pool.
[2m2025-08-12T14:54:34.415+02:00[0;39m [33m WARN[0;39m [35m38185[0;39m [2m---[0;39m [2m[clenzy] [l-1 housekeeper][0;39m [2m[0;39m[36mcom.zaxxer.hikari.pool.HikariPool       [0;39m [2m:[0;39m HikariPool-1 - Thread starvation or clock leap detected (housekeeper delta=46s62ms).
[2m2025-08-12T18:03:33.591+02:00[0;39m [33m WARN[0;39m [35m38185[0;39m [2m---[0;39m [2m[clenzy] [l-1 housekeeper][0;39m [2m[0;39m[36mcom.zaxxer.hikari.pool.HikariPool       [0;39m [2m:[0;39m HikariPool-1 - Thread starvation or clock leap detected (housekeeper delta=54s284ms).
[2m2025-08-12T18:14:50.669+02:00[0;39m [33m WARN[0;39m [35m38185[0;39m [2m---[0;39m [2m[clenzy] [l-1 housekeeper][0;39m [2m[0;39m[36mcom.zaxxer.hikari.pool.HikariPool       [0;39m [2m:[0;39m HikariPool-1 - Thread starvation or clock leap detected (housekeeper delta=1m2s777ms).
[2m2025-08-12T18:19:14.208+02:00[0;39m [33m WARN[0;39m [35m38185[0;39m [2m---[0;39m [2m[clenzy] [l-1 housekeeper][0;39m [2m[0;39m[36mcom.zaxxer.hikari.pool.HikariPool       [0;39m [2m:[0;39m HikariPool-1 - Thread starvation or clock leap detected (housekeeper delta=50s703ms).
[2m2025-08-12T18:19:40.313+02:00[0;39m [33m WARN[0;39m [35m38185[0;39m [2m---[0;39m [2m[clenzy] [l-1 housekeeper][0;39m [2m[0;39m[36mcom.zaxxer.hikari.pool.HikariPool       [0;39m [2m:[0;39m HikariPool-1 - Retrograde clock change detected (housekeeper delta=26s105ms), soft-evicting connections from pool.
[2m2025-08-12T18:25:04.274+02:00[0;39m [33m WARN[0;39m [35m38185[0;39m [2m---[0;39m [2m[clenzy] [l-1 housekeeper][0;39m [2m[0;39m[36mcom.zaxxer.hikari.pool.HikariPool       [0;39m [2m:[0;39m HikariPool-1 - Thread starvation or clock leap detected (housekeeper delta=48s975ms).
[2m2025-08-12T18:53:31.738+02:00[0;39m [33m WARN[0;39m [35m38185[0;39m [2m---[0;39m [2m[clenzy] [l-1 housekeeper][0;39m [2m[0;39m[36mcom.zaxxer.hikari.pool.HikariPool       [0;39m [2m:[0;39m HikariPool-1 - Thread starvation or clock leap detected (housekeeper delta=17m6s261ms).
[2m2025-08-12T19:02:19.221+02:00[0;39m [33m WARN[0;39m [35m38185[0;39m [2m---[0;39m [2m[clenzy] [l-1 housekeeper][0;39m [2m[0;39m[36mcom.zaxxer.hikari.pool.HikariPool       [0;39m [2m:[0;39m HikariPool-1 - Thread starvation or clock leap detected (housekeeper delta=45s230ms).
[2m2025-08-12T19:34:23.308+02:00[0;39m [33m WARN[0;39m [35m38185[0;39m [2m---[0;39m [2m[clenzy] [l-1 housekeeper][0;39m [2m[0;39m[36mcom.zaxxer.hikari.pool.HikariPool       [0;39m [2m:[0;39m HikariPool-1 - Thread starvation or clock leap detected (housekeeper delta=52s450ms).
[2m2025-08-12T21:10:55.410+02:00[0;39m [33m WARN[0;39m [35m38185[0;39m [2m---[0;39m [2m[clenzy] [l-1 housekeeper][0;39m [2m[0;39m[36mcom.zaxxer.hikari.pool.HikariPool       [0;39m [2m:[0;39m HikariPool-1 - Retrograde clock change detected (housekeeper delta=29s810ms), soft-evicting connections from pool.
[2m2025-08-13T01:32:27.965+02:00[0;39m [33m WARN[0;39m [35m38185[0;39m [2m---[0;39m [2m[clenzy] [l-1 housekeeper][0;39m [2m[0;39m[36mcom.zaxxer.hikari.pool.HikariPool       [0;39m [2m:[0;39m HikariPool-1 - Retrograde clock change detected (housekeeper delta=29s473ms), soft-evicting connections from pool.
[2m2025-08-13T01:47:27.510+02:00[0;39m [33m WARN[0;39m [35m38185[0;39m [2m---[0;39m [2m[clenzy] [l-1 housekeeper][0;39m [2m[0;39m[36mcom.zaxxer.hikari.pool.HikariPool       [0;39m [2m:[0;39m HikariPool-1 - Retrograde clock change detected (housekeeper delta=29s467ms), soft-evicting connections from pool.
Exception in thread "SpringApplicationShutdownHook" java.lang.NoClassDefFoundError: ch/qos/logback/classic/spi/ThrowableProxy
	at ch.qos.logback.classic.spi.LoggingEvent.<init>(LoggingEvent.java:143)
	at ch.qos.logback.classic.Logger.buildLoggingEventAndAppend(Logger.java:424)
	at ch.qos.logback.classic.Logger.filterAndLog_0_Or3Plus(Logger.java:386)
	at ch.qos.logback.classic.Logger.log(Logger.java:780)
	at org.apache.commons.logging.LogAdapter$Slf4jLocationAwareLog.warn(LogAdapter.java:445)
	at org.springframework.context.support.AbstractApplicationContext.doClose(AbstractApplicationContext.java:1081)
	at org.springframework.boot.web.servlet.context.ServletWebServerApplicationContext.doClose(ServletWebServerApplicationContext.java:174)
	at org.springframework.context.support.AbstractApplicationContext.close(AbstractApplicationContext.java:1037)
	at org.springframework.boot.SpringApplicationShutdownHook.closeAndWait(SpringApplicationShutdownHook.java:145)
	at java.base/java.lang.Iterable.forEach(Iterable.java:75)
	at org.springframework.boot.SpringApplicationShutdownHook.run(SpringApplicationShutdownHook.java:114)
	at java.base/java.lang.Thread.run(Thread.java:1447)
Caused by: java.lang.ClassNotFoundException: ch.qos.logback.classic.spi.ThrowableProxy
	... 12 more
